{"meta": {"format": 3, "version": "7.15.4", "timestamp": "2026-08-19T11:04:25.000108", "branch_coverage": false, "show_contexts": false}, "files": {"harness\\__init__.py": {"executed_lines": [], "summary": {"covered_lines": 0, "num_statements": 0, "percent_covered": 100.0, "percent_covered_display": "100", "missing_lines": 0, "excluded_lines": 0, "percent_statements_covered": 100.0, "percent_statements_covered_display": "100"}, "missing_lines": [], "excluded_lines": [], "functions": {"": {"executed_lines": [], "summary": {"covered_lines": 0, "num_statements": 0, "percent_covered": 100.0, "percent_covered_display": "100", "missing_lines": 0, "excluded_lines": 0, "percent_statements_covered": 100.0, "percent_statements_covered_display": "100"}, "missing_lines": [], "excluded_lines": [], "start_line": 1}}, "classes": {"": {"executed_lines": [], "summary": {"covered_lines": 0, "num_statements": 0, "percent_covered": 100.0, "percent_covered_display": "100", "missing_lines": 0, "excluded_lines": 0, "percent_statements_covered": 100.0, "percent_statements_covered_display": "100"}, "missing_lines": [], "excluded_lines": [], "start_line": 1}}}, "harness\\alcance.py": {"executed_lines": [13, 15, 16, 17, 18, 19, 20, 26, 29, 31, 33, 39, 58, 70, 112, 127, 135, 169, 187, 188, 191, 192, 193, 194, 196, 197, 199, 200, 202, 210], "summary": {"covered_lines": 30, "num_statements": 97, "percent_covered": 30.927835051546392, "percent_covered_display": "31", "missing_lines": 67, "excluded_lines": 0, "percent_statements_covered": 30.927835051546392, "percent_statements_covered_display": "31"}, "missing_lines": [45, 53, 54, 55, 61, 62, 64, 78, 79, 80, 82, 83, 84, 85, 86, 88, 89, 90, 91, 92, 93, 94, 95, 96, 97, 98, 99, 100, 101, 102, 103, 104, 105, 107, 109, 120, 121, 122, 123, 124, 129, 150, 152, 153, 154, 156, 159, 160, 162, 171, 172, 173, 174, 175, 176, 177, 178, 179, 180, 181, 203, 218, 219, 220, 222, 223, 224], "excluded_lines": [], "functions": {"ejecutar_git": {"executed_lines": [], "summary": {"covered_lines": 0, "num_statements": 4, "percent_covered": 0.0, "percent_covered_display": "0", "missing_lines": 4, "excluded_lines": 0, "percent_statements_covered": 0.0, "percent_statements_covered_display": "0"}, "missing_lines": [45, 53, 54, 55], "excluded_lines": [], "start_line": 39}, "git_en": {"executed_lines": [], "summary": {"covered_lines": 0, "num_statements": 2, "percent_covered": 0.0, "percent_covered_display": "0", "missing_lines": 2, "excluded_lines": 0, "percent_statements_covered": 0.0, "percent_statements_covered_display": "0"}, "missing_lines": [61, 64], "excluded_lines": [], "start_line": 58}, "git_en._git": {"executed_lines": [], "summary": {"covered_lines": 0, "num_statements": 1, "percent_covered": 0.0, "percent_covered_display": "0", "missing_lines": 1, "excluded_lines": 0, "percent_statements_covered": 0.0, "percent_statements_covered_display": "0"}, "missing_lines": [62], "excluded_lines": [], "start_line": 61}, "parsear_diff": {"executed_lines": [], "summary": {"covered_lines": 0, "num_statements": 28, "percent_covered": 0.0, "percent_covered_display": "0", "missing_lines": 28, "excluded_lines": 0, "percent_statements_covered": 0.0, "percent_statements_covered_display": "0"}, "missing_lines": [78, 79, 80, 82, 83, 84, 85, 86, 88, 89, 90, 91, 92, 93, 94, 95, 96, 97, 98, 99, 100, 101, 102, 103, 104, 105, 107, 109], "excluded_lines": [], "start_line": 70}, "es_produccion": {"executed_lines": [], "summary": {"covered_lines": 0, "num_statements": 5, "percent_covered": 0.0, "percent_covered_display": "0", "missing_lines": 5, "excluded_lines": 0, "percent_statements_covered": 0.0, "percent_statements_covered_display": "0"}, "missing_lines": [120, 121, 122, 123, 124], "excluded_lines": [], "start_line": 112}, "filtrar_produccion": {"executed_lines": [], "summary": {"covered_lines": 0, "num_statements": 1, "percent_covered": 0.0, "percent_covered_display": "0", "missing_lines": 1, "excluded_lines": 0, "percent_statements_covered": 0.0, "percent_statements_covered_display": "0"}, "missing_lines": [129], "excluded_lines": [], "start_line": 127}, "resolver_refs": {"executed_lines": [], "summary": {"covered_lines": 0, "num_statements": 8, "percent_covered": 0.0, "percent_covered_display": "0", "missing_lines": 8, "excluded_lines": 0, "percent_statements_covered": 0.0, "percent_statements_covered_display": "0"}, "missing_lines": [150, 152, 153, 154, 156, 159, 160, 162], "excluded_lines": [], "start_line": 135}, "rama_de_feature": {"executed_lines": [], "summary": {"covered_lines": 0, "num_statements": 11, "percent_covered": 0.0, "percent_covered_display": "0", "missing_lines": 11, "excluded_lines": 0, "percent_statements_covered": 0.0, "percent_statements_covered_display": "0"}, "missing_lines": [171, 172, 173, 174, 175, 176, 177, 178, 179, 180, 181], "excluded_lines": [], "start_line": 169}, "Alcance.ficheros": {"executed_lines": [197], "summary": {"covered_lines": 1, "num_statements": 1, "percent_covered": 100.0, "percent_covered_display": "100", "missing_lines": 0, "excluded_lines": 0, "percent_statements_covered": 100.0, "percent_statements_covered_display": "100"}, "missing_lines": [], "excluded_lines": [], "start_line": 196}, "Alcance.total_lineas": {"executed_lines": [200], "summary": {"covered_lines": 1, "num_statements": 1, "percent_covered": 100.0, "percent_covered_display": "100", "missing_lines": 0, "excluded_lines": 0, "percent_statements_covered": 100.0, "percent_statements_covered_display": "100"}, "missing_lines": [], "excluded_lines": [], "start_line": 199}, "Alcance.descripcion": {"executed_lines": [], "summary": {"covered_lines": 0, "num_statements": 1, "percent_covered": 0.0, "percent_covered_display": "0", "missing_lines": 1, "excluded_lines": 0, "percent_statements_covered": 0.0, "percent_statements_covered_display": "0"}, "missing_lines": [203], "excluded_lines": [], "start_line": 202}, "alcance_de_feature": {"executed_lines": [], "summary": {"covered_lines": 0, "num_statements": 6, "percent_covered": 0.0, "percent_covered_display": "0", "missing_lines": 6, "excluded_lines": 0, "percent_statements_covered": 0.0, "percent_statements_covered_display": "0"}, "missing_lines": [218, 219, 220, 222, 223, 224], "excluded_lines": [], "start_line": 210}, "": {"executed_lines": [13, 15, 16, 17, 18, 19, 20, 26, 29, 31, 33, 39, 58, 70, 112, 127, 135, 169, 187, 188, 191, 192, 193, 194, 196, 199, 202, 210], "summary": {"covered_lines": 28, "num_statements": 28, "percent_covered": 100.0, "percent_covered_display": "100", "missing_lines": 0, "excluded_lines": 0, "percent_statements_covered": 100.0, "percent_statements_covered_display": "100"}, "missing_lines": [], "excluded_lines": [], "start_line": 1}}, "classes": {"Alcance": {"executed_lines": [197, 200], "summary": {"covered_lines": 2, "num_statements": 3, "percent_covered": 66.66666666666667, "percent_covered_display": "67", "missing_lines": 1, "excluded_lines": 0, "percent_statements_covered": 66.66666666666667, "percent_statements_covered_display": "67"}, "missing_lines": [203], "excluded_lines": [], "start_line": 188}, "": {"executed_lines": [13, 15, 16, 17, 18, 19, 20, 26, 29, 31, 33, 39, 58, 70, 112, 127, 135, 169, 187, 188, 191, 192, 193, 194, 196, 199, 202, 210], "summary": {"covered_lines": 28, "num_statements": 94, "percent_covered": 29.78723404255319, "percent_covered_display": "30", "missing_lines": 66, "excluded_lines": 0, "percent_statements_covered": 29.78723404255319, "percent_statements_covered_display": "30"}, "missing_lines": [45, 53, 54, 55, 61, 62, 64, 78, 79, 80, 82, 83, 84, 85, 86, 88, 89, 90, 91, 92, 93, 94, 95, 96, 97, 98, 99, 100, 101, 102, 103, 104, 105, 107, 109, 120, 121, 122, 123, 124, 129, 150, 152, 153, 154, 156, 159, 160, 162, 171, 172, 173, 174, 175, 176, 177, 178, 179, 180, 181, 218, 219, 220, 222, 223, 224], "excluded_lines": [], "start_line": 1}}}, "harness\\backlog.py": {"executed_lines": [27, 29, 30, 31, 32, 33, 35, 36, 37, 39, 48, 50, 52, 55, 56, 57, 59, 62, 63, 64, 65, 67, 68, 69, 70, 71, 72, 83, 91, 94, 95, 100, 103, 107, 120, 121, 122, 124, 127, 128, 129, 132, 134, 135, 136, 139, 141, 142, 143, 144, 145, 148, 149, 150, 151, 152, 153, 154, 155, 156, 157, 158, 159, 160, 162, 165, 205], "summary": {"covered_lines": 67, "num_statements": 100, "percent_covered": 67.0, "percent_covered_display": "67", "missing_lines": 33, "excluded_lines": 0, "percent_statements_covered": 67.0, "percent_statements_covered_display": "67"}, "missing_lines": [51, 58, 123, 125, 131, 138, 166, 169, 174, 176, 177, 178, 179, 180, 181, 182, 183, 184, 186, 187, 188, 189, 190, 192, 193, 195, 196, 197, 199, 200, 201, 202, 206], "excluded_lines": [], "functions": {"_celda": {"executed_lines": [50, 52], "summary": {"covered_lines": 2, "num_statements": 3, "percent_covered": 66.66666666666667, "percent_covered_display": "67", "missing_lines": 1, "excluded_lines": 0, "percent_statements_covered": 66.66666666666667, "percent_statements_covered_display": "67"}, "missing_lines": [51], "excluded_lines": [], "start_line": 48}, "_clave_orden": {"executed_lines": [56, 57, 59], "summary": {"covered_lines": 3, "num_statements": 4, "percent_covered": 75.0, "percent_covered_display": "75", "missing_lines": 1, "excluded_lines": 0, "percent_statements_covered": 75.0, "percent_statements_covered_display": "75"}, "missing_lines": [58], "excluded_lines": [], "start_line": 55}, "_tabla": {"executed_lines": [63, 64, 65, 67, 68, 69, 70, 71, 72, 83, 91], "summary": {"covered_lines": 11, "num_statements": 11, "percent_covered": 100.0, "percent_covered_display": "100", "missing_lines": 0, "excluded_lines": 0, "percent_statements_covered": 100.0, "percent_statements_covered_display": "100"}, "missing_lines": [], "excluded_lines": [], "start_line": 62}, "construir": {"executed_lines": [95, 100, 103, 107, 120, 121, 122, 124, 127, 128, 129, 132, 134, 135, 136, 139, 141, 142, 143, 144, 145, 148, 149, 150, 151, 152, 153, 154, 155, 156, 157, 158, 159, 160, 162], "summary": {"covered_lines": 35, "num_statements": 39, "percent_covered": 89.74358974358974, "percent_covered_display": "90", "missing_lines": 4, "excluded_lines": 0, "percent_statements_covered": 89.74358974358974, "percent_statements_covered_display": "90"}, "missing_lines": [123, 125, 131, 138], "excluded_lines": [], "start_line": 94}, "main": {"executed_lines": [], "summary": {"covered_lines": 0, "num_statements": 26, "percent_covered": 0.0, "percent_covered_display": "0", "missing_lines": 26, "excluded_lines": 0, "percent_statements_covered": 0.0, "percent_statements_covered_display": "0"}, "missing_lines": [166, 169, 174, 176, 177, 178, 179, 180, 181, 182, 183, 184, 186, 187, 188, 189, 190, 192, 193, 195, 196, 197, 199, 200, 201, 202], "excluded_lines": [], "start_line": 165}, "": {"executed_lines": [27, 29, 30, 31, 32, 33, 35, 36, 37, 39, 48, 55, 62, 94, 165, 205], "summary": {"covered_lines": 16, "num_statements": 17, "percent_covered": 94.11764705882354, "percent_covered_display": "94", "missing_lines": 1, "excluded_lines": 0, "percent_statements_covered": 94.11764705882354, "percent_statements_covered_display": "94"}, "missing_lines": [206], "excluded_lines": [], "start_line": 1}}, "classes": {"": {"executed_lines": [27, 29, 30, 31, 32, 33, 35, 36, 37, 39, 48, 50, 52, 55, 56, 57, 59, 62, 63, 64, 65, 67, 68, 69, 70, 71, 72, 83, 91, 94, 95, 100, 103, 107, 120, 121, 122, 124, 127, 128, 129, 132, 134, 135, 136, 139, 141, 142, 143, 144, 145, 148, 149, 150, 151, 152, 153, 154, 155, 156, 157, 158, 159, 160, 162, 165, 205], "summary": {"covered_lines": 67, "num_statements": 100, "percent_covered": 67.0, "percent_covered_display": "67", "missing_lines": 33, "excluded_lines": 0, "percent_statements_covered": 67.0, "percent_statements_covered_display": "67"}, "missing_lines": [51, 58, 123, 125, 131, 138, 166, 169, 174, 176, 177, 178, 179, 180, 181, 182, 183, 184, 186, 187, 188, 189, 190, 192, 193, 195, 196, 197, 199, 200, 201, 202, 206], "excluded_lines": [], "start_line": 1}}}, "harness\\mutacion.py": {"executed_lines": [13, 15, 16, 17, 18, 19, 20, 21, 22, 23, 24, 25, 26, 28, 29, 30, 32, 35, 36, 37, 40, 45, 50, 53, 61, 67, 73, 74, 77, 78, 79, 80, 81, 82, 83, 84, 86, 90, 91, 94, 95, 96, 97, 98, 99, 102, 106, 110, 117, 181, 203, 254, 269, 275, 281, 292, 302, 318, 349, 350, 353, 354, 355, 356, 357, 358, 359, 360, 361, 362, 363, 365, 366, 367, 370, 471, 474, 479, 486, 494, 497, 505, 506, 507, 508, 509, 510, 511, 512, 513, 514, 515, 516, 517, 518, 519, 520, 521, 522, 523, 524, 525, 526, 527, 528, 531, 532, 533, 534, 535, 536, 537, 538, 539, 546, 555, 556, 557, 572, 573, 574, 588, 594, 596, 597, 600, 606, 607, 615, 620, 621, 629, 631, 637, 638, 644, 675, 685, 694, 708, 716], "summary": {"covered_lines": 141, "num_statements": 348, "percent_covered": 40.51724137931034, "percent_covered_display": "41", "missing_lines": 207, "excluded_lines": 2, "percent_statements_covered": 40.51724137931034, "percent_statements_covered_display": "41"}, "missing_lines": [87, 103, 107, 112, 113, 114, 119, 120, 121, 124, 125, 126, 130, 131, 132, 133, 137, 138, 139, 140, 144, 145, 146, 147, 148, 150, 153, 162, 163, 164, 165, 166, 173, 174, 175, 176, 187, 188, 189, 190, 191, 192, 193, 194, 195, 196, 197, 198, 199, 200, 209, 210, 211, 212, 214, 215, 216, 218, 219, 220, 221, 222, 223, 224, 225, 226, 227, 228, 230, 231, 232, 234, 235, 238, 251, 256, 257, 258, 263, 271, 272, 277, 278, 298, 299, 300, 303, 304, 311, 312, 313, 314, 315, 337, 338, 339, 340, 390, 391, 392, 394, 395, 396, 397, 399, 400, 401, 402, 404, 412, 413, 414, 418, 420, 421, 422, 423, 424, 425, 426, 428, 429, 430, 431, 432, 434, 436, 437, 438, 439, 441, 443, 444, 445, 446, 448, 450, 451, 458, 459, 460, 461, 462, 464, 589, 598, 632, 633, 634, 635, 645, 652, 655, 656, 657, 658, 659, 660, 661, 662, 672, 682, 687, 688, 689, 690, 691, 702, 703, 704, 705, 710, 711, 712, 713, 718, 719, 721, 722, 723, 724, 725, 727, 728, 731, 732, 733, 735, 736, 737, 739, 740, 742, 744, 747, 749, 750, 751, 761, 762, 763, 765, 776, 777, 778, 783, 784], "excluded_lines": [787, 788], "functions": {"Mutante.descripcion": {"executed_lines": [], "summary": {"covered_lines": 0, "num_statements": 1, "percent_covered": 0.0, "percent_covered_display": "0", "missing_lines": 1, "excluded_lines": 0, "percent_statements_covered": 0.0, "percent_statements_covered_display": "0"}, "missing_lines": [87], "excluded_lines": [], "start_line": 86}, "_inicio": {"executed_lines": [], "summary": {"covered_lines": 0, "num_statements": 1, "percent_covered": 0.0, "percent_covered_display": "0", "missing_lines": 1, "excluded_lines": 0, "percent_statements_covered": 0.0, "percent_statements_covered_display": "0"}, "missing_lines": [103], "excluded_lines": [], "start_line": 102}, "_final": {"executed_lines": [], "summary": {"covered_lines": 0, "num_statements": 1, "percent_covered": 0.0, "percent_covered_display": "0", "missing_lines": 1, "excluded_lines": 0, "percent_statements_covered": 0.0, "percent_statements_covered_display": "0"}, "missing_lines": [107], "excluded_lines": [], "start_line": 106}, "_texto_del_span": {"executed_lines": [], "summary": {"covered_lines": 0, "num_statements": 3, "percent_covered": 0.0, "percent_covered_display": "0", "missing_lines": 3, "excluded_lines": 0, "percent_statements_covered": 0.0, "percent_statements_covered_display": "0"}, "missing_lines": [112, 113, 114], "excluded_lines": [], "start_line": 110}, "_candidatos": {"executed_lines": [], "summary": {"covered_lines": 0, "num_statements": 30, "percent_covered": 0.0, "percent_covered_display": "0", "missing_lines": 30, "excluded_lines": 0, "percent_statements_covered": 0.0, "percent_statements_covered_display": "0"}, "missing_lines": [119, 120, 121, 124, 125, 126, 130, 131, 132, 133, 137, 138, 139, 140, 144, 145, 146, 147, 148, 150, 153, 162, 163, 164, 165, 166, 173, 174, 175, 176], "excluded_lines": [], "start_line": 117}, "_localizar": {"executed_lines": [], "summary": {"covered_lines": 0, "num_statements": 14, "percent_covered": 0.0, "percent_covered_display": "0", "missing_lines": 14, "excluded_lines": 0, "percent_statements_covered": 0.0, "percent_statements_covered_display": "0"}, "missing_lines": [187, 188, 189, 190, 191, 192, 193, 194, 195, 196, 197, 198, 199, 200], "excluded_lines": [], "start_line": 181}, "generar_mutantes": {"executed_lines": [], "summary": {"covered_lines": 0, "num_statements": 25, "percent_covered": 0.0, "percent_covered_display": "0", "missing_lines": 25, "excluded_lines": 0, "percent_statements_covered": 0.0, "percent_statements_covered_display": "0"}, "missing_lines": [209, 210, 211, 212, 214, 215, 216, 218, 219, 220, 221, 222, 223, 224, 225, 226, 227, 228, 230, 231, 232, 234, 235, 238, 251], "excluded_lines": [], "start_line": 203}, "aplicar_mutante": {"executed_lines": [], "summary": {"covered_lines": 0, "num_statements": 4, "percent_covered": 0.0, "percent_covered_display": "0", "missing_lines": 4, "excluded_lines": 0, "percent_statements_covered": 0.0, "percent_statements_covered_display": "0"}, "missing_lines": [256, 257, 258, 263], "excluded_lines": [], "start_line": 254}, "_leer": {"executed_lines": [], "summary": {"covered_lines": 0, "num_statements": 2, "percent_covered": 0.0, "percent_covered_display": "0", "missing_lines": 2, "excluded_lines": 0, "percent_statements_covered": 0.0, "percent_statements_covered_display": "0"}, "missing_lines": [271, 272], "excluded_lines": [], "start_line": 269}, "_escribir": {"executed_lines": [], "summary": {"covered_lines": 0, "num_statements": 2, "percent_covered": 0.0, "percent_covered_display": "0", "missing_lines": 2, "excluded_lines": 0, "percent_statements_covered": 0.0, "percent_statements_covered_display": "0"}, "missing_lines": [277, 278], "excluded_lines": [], "start_line": 275}, "EjecutorPytest.__init__": {"executed_lines": [], "summary": {"covered_lines": 0, "num_statements": 3, "percent_covered": 0.0, "percent_covered_display": "0", "missing_lines": 3, "excluded_lines": 0, "percent_statements_covered": 0.0, "percent_statements_covered_display": "0"}, "missing_lines": [298, 299, 300], "excluded_lines": [], "start_line": 292}, "EjecutorPytest.ejecutar": {"executed_lines": [], "summary": {"covered_lines": 0, "num_statements": 7, "percent_covered": 0.0, "percent_covered_display": "0", "missing_lines": 7, "excluded_lines": 0, "percent_statements_covered": 0.0, "percent_statements_covered_display": "0"}, "missing_lines": [303, 304, 311, 312, 313, 314, 315], "excluded_lines": [], "start_line": 302}, "ejecutor_para": {"executed_lines": [], "summary": {"covered_lines": 0, "num_statements": 4, "percent_covered": 0.0, "percent_covered_display": "0", "missing_lines": 4, "excluded_lines": 0, "percent_statements_covered": 0.0, "percent_statements_covered_display": "0"}, "missing_lines": [337, 338, 339, 340], "excluded_lines": [], "start_line": 318}, "InformeMutacion.evaluados": {"executed_lines": [367], "summary": {"covered_lines": 1, "num_statements": 1, "percent_covered": 100.0, "percent_covered_display": "100", "missing_lines": 0, "excluded_lines": 0, "percent_statements_covered": 100.0, "percent_statements_covered_display": "100"}, "missing_lines": [], "excluded_lines": [], "start_line": 366}, "ejecutar_campania": {"executed_lines": [], "summary": {"covered_lines": 0, "num_statements": 47, "percent_covered": 0.0, "percent_covered_display": "0", "missing_lines": 47, "excluded_lines": 0, "percent_statements_covered": 0.0, "percent_statements_covered_display": "0"}, "missing_lines": [390, 391, 392, 394, 395, 396, 397, 399, 400, 401, 402, 404, 412, 413, 414, 418, 420, 421, 422, 423, 424, 425, 426, 428, 429, 430, 431, 432, 434, 436, 437, 438, 439, 441, 443, 444, 445, 446, 448, 450, 451, 458, 459, 460, 461, 462, 464], "excluded_lines": [], "start_line": 370}, "clave_de_mutante": {"executed_lines": [494], "summary": {"covered_lines": 1, "num_statements": 1, "percent_covered": 100.0, "percent_covered_display": "100", "missing_lines": 0, "excluded_lines": 0, "percent_statements_covered": 100.0, "percent_statements_covered_display": "100"}, "missing_lines": [], "excluded_lines": [], "start_line": 486}, "analisis_escritos": {"executed_lines": [505, 506, 507, 508, 509, 510, 511, 512, 513, 514, 515, 516, 517, 518, 519, 520, 521, 522, 523, 524, 525, 526, 527, 528, 531, 532, 533, 534, 535, 536, 537, 538, 539], "summary": {"covered_lines": 33, "num_statements": 33, "percent_covered": 100.0, "percent_covered_display": "100", "missing_lines": 0, "excluded_lines": 0, "percent_statements_covered": 100.0, "percent_statements_covered_display": "100"}, "missing_lines": [], "excluded_lines": [], "start_line": 497}, "escribir_informe": {"executed_lines": [555, 556, 557, 572, 573, 574, 588, 594, 596, 597, 600, 606, 607, 615, 620, 621, 629, 631, 637, 638], "summary": {"covered_lines": 20, "num_statements": 26, "percent_covered": 76.92307692307692, "percent_covered_display": "77", "missing_lines": 6, "excluded_lines": 0, "percent_statements_covered": 76.92307692307692, "percent_statements_covered_display": "77"}, "missing_lines": [589, 598, 632, 633, 634, 635], "excluded_lines": [], "start_line": 546}, "_analizar_argumentos": {"executed_lines": [], "summary": {"covered_lines": 0, "num_statements": 11, "percent_covered": 0.0, "percent_covered_display": "0", "missing_lines": 11, "excluded_lines": 0, "percent_statements_covered": 0.0, "percent_statements_covered_display": "0"}, "missing_lines": [645, 652, 655, 656, 657, 658, 659, 660, 661, 662, 672], "excluded_lines": [], "start_line": 644}, "workers_por_defecto": {"executed_lines": [], "summary": {"covered_lines": 0, "num_statements": 1, "percent_covered": 0.0, "percent_covered_display": "0", "missing_lines": 1, "excluded_lines": 0, "percent_statements_covered": 0.0, "percent_statements_covered_display": "0"}, "missing_lines": [682], "excluded_lines": [], "start_line": 675}, "resolver_workers": {"executed_lines": [], "summary": {"covered_lines": 0, "num_statements": 5, "percent_covered": 0.0, "percent_covered_display": "0", "missing_lines": 5, "excluded_lines": 0, "percent_statements_covered": 0.0, "percent_statements_covered_display": "0"}, "missing_lines": [687, 688, 689, 690, 691], "excluded_lines": [], "start_line": 685}, "_timeout_configurado": {"executed_lines": [], "summary": {"covered_lines": 0, "num_statements": 4, "percent_covered": 0.0, "percent_covered_display": "0", "missing_lines": 4, "excluded_lines": 0, "percent_statements_covered": 0.0, "percent_statements_covered_display": "0"}, "missing_lines": [702, 703, 704, 705], "excluded_lines": [], "start_line": 694}, "_workers_configurados": {"executed_lines": [], "summary": {"covered_lines": 0, "num_statements": 4, "percent_covered": 0.0, "percent_covered_display": "0", "missing_lines": 4, "excluded_lines": 0, "percent_statements_covered": 0.0, "percent_statements_covered_display": "0"}, "missing_lines": [710, 711, 712, 713], "excluded_lines": [], "start_line": 708}, "main": {"executed_lines": [], "summary": {"covered_lines": 0, "num_statements": 31, "percent_covered": 0.0, "percent_covered_display": "0", "missing_lines": 31, "excluded_lines": 0, "percent_statements_covered": 0.0, "percent_statements_covered_display": "0"}, "missing_lines": [718, 719, 721, 722, 723, 724, 725, 727, 728, 731, 732, 733, 735, 736, 737, 739, 742, 744, 747, 749, 750, 751, 761, 762, 763, 765, 776, 777, 778, 783, 784], "excluded_lines": [], "start_line": 716}, "main.factoria": {"executed_lines": [], "summary": {"covered_lines": 0, "num_statements": 1, "percent_covered": 0.0, "percent_covered_display": "0", "missing_lines": 1, "excluded_lines": 0, "percent_statements_covered": 0.0, "percent_statements_covered_display": "0"}, "missing_lines": [740], "excluded_lines": [], "start_line": 739}, "": {"executed_lines": [13, 15, 16, 17, 18, 19, 20, 21, 22, 23, 24, 25, 26, 28, 29, 30, 32, 35, 36, 37, 40, 45, 50, 53, 61, 67, 73, 74, 77, 78, 79, 80, 81, 82, 83, 84, 86, 90, 91, 94, 95, 96, 97, 98, 99, 102, 106, 110, 117, 181, 203, 254, 269, 275, 281, 292, 302, 318, 349, 350, 353, 354, 355, 356, 357, 358, 359, 360, 361, 362, 363, 365, 366, 370, 471, 474, 479, 486, 497, 546, 644, 675, 685, 694, 708, 716], "summary": {"covered_lines": 86, "num_statements": 86, "percent_covered": 100.0, "percent_covered_display": "100", "missing_lines": 0, "excluded_lines": 2, "percent_statements_covered": 100.0, "percent_statements_covered_display": "100"}, "missing_lines": [], "excluded_lines": [787, 788], "start_line": 1}}, "classes": {"Mutante": {"executed_lines": [], "summary": {"covered_lines": 0, "num_statements": 1, "percent_covered": 0.0, "percent_covered_display": "0", "missing_lines": 1, "excluded_lines": 0, "percent_statements_covered": 0.0, "percent_statements_covered_display": "0"}, "missing_lines": [87], "excluded_lines": [], "start_line": 74}, "_Candidato": {"executed_lines": [], "summary": {"covered_lines": 0, "num_statements": 0, "percent_covered": 100.0, "percent_covered_display": "100", "missing_lines": 0, "excluded_lines": 0, "percent_statements_covered": 100.0, "percent_statements_covered_display": "100"}, "missing_lines": [], "excluded_lines": [], "start_line": 91}, "EjecutorPytest": {"executed_lines": [], "summary": {"covered_lines": 0, "num_statements": 10, "percent_covered": 0.0, "percent_covered_display": "0", "missing_lines": 10, "excluded_lines": 0, "percent_statements_covered": 0.0, "percent_statements_covered_display": "0"}, "missing_lines": [298, 299, 300, 303, 304, 311, 312, 313, 314, 315], "excluded_lines": [], "start_line": 281}, "InformeMutacion": {"executed_lines": [367], "summary": {"covered_lines": 1, "num_statements": 1, "percent_covered": 100.0, "percent_covered_display": "100", "missing_lines": 0, "excluded_lines": 0, "percent_statements_covered": 100.0, "percent_statements_covered_display": "100"}, "missing_lines": [], "excluded_lines": [], "start_line": 350}, "": {"executed_lines": [13, 15, 16, 17, 18, 19, 20, 21, 22, 23, 24, 25, 26, 28, 29, 30, 32, 35, 36, 37, 40, 45, 50, 53, 61, 67, 73, 74, 77, 78, 79, 80, 81, 82, 83, 84, 86, 90, 91, 94, 95, 96, 97, 98, 99, 102, 106, 110, 117, 181, 203, 254, 269, 275, 281, 292, 302, 318, 349, 350, 353, 354, 355, 356, 357, 358, 359, 360, 361, 362, 363, 365, 366, 370, 471, 474, 479, 486, 494, 497, 505, 506, 507, 508, 509, 510, 511, 512, 513, 514, 515, 516, 517, 518, 519, 520, 521, 522, 523, 524, 525, 526, 527, 528, 531, 532, 533, 534, 535, 536, 537, 538, 539, 546, 555, 556, 557, 572, 573, 574, 588, 594, 596, 597, 600, 606, 607, 615, 620, 621, 629, 631, 637, 638, 644, 675, 685, 694, 708, 716], "summary": {"covered_lines": 140, "num_statements": 336, "percent_covered": 41.666666666666664, "percent_covered_display": "42", "missing_lines": 196, "excluded_lines": 2, "percent_statements_covered": 41.666666666666664, "percent_statements_covered_display": "42"}, "missing_lines": [103, 107, 112, 113, 114, 119, 120, 121, 124, 125, 126, 130, 131, 132, 133, 137, 138, 139, 140, 144, 145, 146, 147, 148, 150, 153, 162, 163, 164, 165, 166, 173, 174, 175, 176, 187, 188, 189, 190, 191, 192, 193, 194, 195, 196, 197, 198, 199, 200, 209, 210, 211, 212, 214, 215, 216, 218, 219, 220, 221, 222, 223, 224, 225, 226, 227, 228, 230, 231, 232, 234, 235, 238, 251, 256, 257, 258, 263, 271, 272, 277, 278, 337, 338, 339, 340, 390, 391, 392, 394, 395, 396, 397, 399, 400, 401, 402, 404, 412, 413, 414, 418, 420, 421, 422, 423, 424, 425, 426, 428, 429, 430, 431, 432, 434, 436, 437, 438, 439, 441, 443, 444, 445, 446, 448, 450, 451, 458, 459, 460, 461, 462, 464, 589, 598, 632, 633, 634, 635, 645, 652, 655, 656, 657, 658, 659, 660, 661, 662, 672, 682, 687, 688, 689, 690, 691, 702, 703, 704, 705, 710, 711, 712, 713, 718, 719, 721, 722, 723, 724, 725, 727, 728, 731, 732, 733, 735, 736, 737, 739, 740, 742, 744, 747, 749, 750, 751, 761, 762, 763, 765, 776, 777, 778, 783, 784], "excluded_lines": [787, 788], "start_line": 1}}}, "harness\\rigor.py": {"executed_lines": [14, 16, 17, 18, 19, 22, 24, 25, 28, 70, 74, 82, 93, 100, 111, 121, 139, 148, 167, 182], "summary": {"covered_lines": 20, "num_statements": 108, "percent_covered": 18.51851851851852, "percent_covered_display": "19", "missing_lines": 88, "excluded_lines": 2, "percent_statements_covered": 18.51851851851852, "percent_statements_covered_display": "19"}, "missing_lines": [35, 36, 37, 38, 39, 40, 41, 43, 44, 46, 47, 48, 50, 51, 52, 53, 54, 55, 60, 61, 62, 67, 71, 76, 77, 78, 79, 84, 85, 86, 87, 88, 89, 90, 95, 96, 97, 102, 103, 104, 108, 113, 114, 115, 118, 130, 131, 132, 133, 140, 141, 142, 143, 144, 145, 154, 155, 156, 157, 158, 159, 160, 164, 169, 170, 171, 172, 173, 174, 175, 176, 184, 188, 189, 190, 191, 193, 194, 195, 196, 197, 199, 200, 201, 202, 203, 205, 210], "excluded_lines": [213, 214], "functions": {"cargar_rigor": {"executed_lines": [], "summary": {"covered_lines": 0, "num_statements": 22, "percent_covered": 0.0, "percent_covered_display": "0", "missing_lines": 22, "excluded_lines": 0, "percent_statements_covered": 0.0, "percent_statements_covered_display": "0"}, "missing_lines": [35, 36, 37, 38, 39, 40, 41, 43, 44, 46, 47, 48, 50, 51, 52, 53, 54, 55, 60, 61, 62, 67], "excluded_lines": [], "start_line": 28}, "niveles_validos": {"executed_lines": [], "summary": {"covered_lines": 0, "num_statements": 1, "percent_covered": 0.0, "percent_covered_display": "0", "missing_lines": 1, "excluded_lines": 0, "percent_statements_covered": 0.0, "percent_statements_covered_display": "0"}, "missing_lines": [71], "excluded_lines": [], "start_line": 70}, "nivel_de_feature": {"executed_lines": [], "summary": {"covered_lines": 0, "num_statements": 4, "percent_covered": 0.0, "percent_covered_display": "0", "missing_lines": 4, "excluded_lines": 0, "percent_statements_covered": 0.0, "percent_statements_covered_display": "0"}, "missing_lines": [76, 77, 78, 79], "excluded_lines": [], "start_line": 74}, "exige": {"executed_lines": [], "summary": {"covered_lines": 0, "num_statements": 7, "percent_covered": 0.0, "percent_covered_display": "0", "missing_lines": 7, "excluded_lines": 0, "percent_statements_covered": 0.0, "percent_statements_covered_display": "0"}, "missing_lines": [84, 85, 86, 87, 88, 89, 90], "excluded_lines": [], "start_line": 82}, "supervivientes_maximos": {"executed_lines": [], "summary": {"covered_lines": 0, "num_statements": 3, "percent_covered": 0.0, "percent_covered_display": "0", "missing_lines": 3, "excluded_lines": 0, "percent_statements_covered": 0.0, "percent_statements_covered_display": "0"}, "missing_lines": [95, 96, 97], "excluded_lines": [], "start_line": 93}, "umbral_cobertura": {"executed_lines": [], "summary": {"covered_lines": 0, "num_statements": 4, "percent_covered": 0.0, "percent_covered_display": "0", "missing_lines": 4, "excluded_lines": 0, "percent_statements_covered": 0.0, "percent_statements_covered_display": "0"}, "missing_lines": [102, 103, 104, 108], "excluded_lines": [], "start_line": 100}, "timeout_mutacion": {"executed_lines": [], "summary": {"covered_lines": 0, "num_statements": 4, "percent_covered": 0.0, "percent_covered_display": "0", "missing_lines": 4, "excluded_lines": 0, "percent_statements_covered": 0.0, "percent_statements_covered_display": "0"}, "missing_lines": [113, 114, 115, 118], "excluded_lines": [], "start_line": 111}, "workers_mutacion": {"executed_lines": [], "summary": {"covered_lines": 0, "num_statements": 4, "percent_covered": 0.0, "percent_covered_display": "0", "missing_lines": 4, "excluded_lines": 0, "percent_statements_covered": 0.0, "percent_statements_covered_display": "0"}, "missing_lines": [130, 131, 132, 133], "excluded_lines": [], "start_line": 121}, "cargar_features": {"executed_lines": [], "summary": {"covered_lines": 0, "num_statements": 6, "percent_covered": 0.0, "percent_covered_display": "0", "missing_lines": 6, "excluded_lines": 0, "percent_statements_covered": 0.0, "percent_statements_covered_display": "0"}, "missing_lines": [140, 141, 142, 143, 144, 145], "excluded_lines": [], "start_line": 139}, "validar_features": {"executed_lines": [], "summary": {"covered_lines": 0, "num_statements": 8, "percent_covered": 0.0, "percent_covered_display": "0", "missing_lines": 8, "excluded_lines": 0, "percent_statements_covered": 0.0, "percent_statements_covered_display": "0"}, "missing_lines": [154, 155, 156, 157, 158, 159, 160, 164], "excluded_lines": [], "start_line": 148}, "feature_de_rama": {"executed_lines": [], "summary": {"covered_lines": 0, "num_statements": 8, "percent_covered": 0.0, "percent_covered_display": "0", "missing_lines": 8, "excluded_lines": 0, "percent_statements_covered": 0.0, "percent_statements_covered_display": "0"}, "missing_lines": [169, 170, 171, 172, 173, 174, 175, 176], "excluded_lines": [], "start_line": 167}, "main": {"executed_lines": [], "summary": {"covered_lines": 0, "num_statements": 17, "percent_covered": 0.0, "percent_covered_display": "0", "missing_lines": 17, "excluded_lines": 0, "percent_statements_covered": 0.0, "percent_statements_covered_display": "0"}, "missing_lines": [184, 188, 189, 190, 191, 193, 194, 195, 196, 197, 199, 200, 201, 202, 203, 205, 210], "excluded_lines": [], "start_line": 182}, "": {"executed_lines": [14, 16, 17, 18, 19, 22, 24, 25, 28, 70, 74, 82, 93, 100, 111, 121, 139, 148, 167, 182], "summary": {"covered_lines": 20, "num_statements": 20, "percent_covered": 100.0, "percent_covered_display": "100", "missing_lines": 0, "excluded_lines": 2, "percent_statements_covered": 100.0, "percent_statements_covered_display": "100"}, "missing_lines": [], "excluded_lines": [213, 214], "start_line": 1}}, "classes": {"": {"executed_lines": [14, 16, 17, 18, 19, 22, 24, 25, 28, 70, 74, 82, 93, 100, 111, 121, 139, 148, 167, 182], "summary": {"covered_lines": 20, "num_statements": 108, "percent_covered": 18.51851851851852, "percent_covered_display": "19", "missing_lines": 88, "excluded_lines": 2, "percent_statements_covered": 18.51851851851852, "percent_statements_covered_display": "19"}, "missing_lines": [35, 36, 37, 38, 39, 40, 41, 43, 44, 46, 47, 48, 50, 51, 52, 53, 54, 55, 60, 61, 62, 67, 71, 76, 77, 78, 79, 84, 85, 86, 87, 88, 89, 90, 95, 96, 97, 102, 103, 104, 108, 113, 114, 115, 118, 130, 131, 132, 133, 140, 141, 142, 143, 144, 145, 154, 155, 156, 157, 158, 159, 160, 164, 169, 170, 171, 172, 173, 174, 175, 176, 184, 188, 189, 190, 191, 193, 194, 195, 196, 197, 199, 200, 201, 202, 203, 205, 210], "excluded_lines": [213, 214], "start_line": 1}}}, "harness\\servicios.py": {"executed_lines": [21, 23, 24, 25, 26, 27, 30, 34, 37, 40, 43, 44, 47, 48, 49, 50, 51, 57, 62, 80, 108, 139, 175, 188, 212, 217, 243], "summary": {"covered_lines": 27, "num_statements": 111, "percent_covered": 24.324324324324323, "percent_covered_display": "24", "missing_lines": 84, "excluded_lines": 2, "percent_statements_covered": 24.324324324324323, "percent_statements_covered_display": "24"}, "missing_lines": [59, 64, 65, 66, 67, 68, 72, 73, 77, 82, 83, 88, 89, 90, 92, 93, 94, 99, 110, 111, 113, 114, 115, 116, 118, 119, 120, 123, 126, 130, 132, 133, 147, 148, 149, 150, 151, 153, 154, 155, 156, 160, 161, 162, 167, 168, 169, 177, 178, 183, 184, 185, 196, 197, 199, 200, 201, 202, 203, 205, 214, 224, 229, 245, 249, 250, 253, 254, 255, 257, 258, 259, 260, 261, 262, 264, 265, 266, 267, 269, 270, 271, 272, 276], "excluded_lines": [279, 280], "functions": {"_normalizar": {"executed_lines": [], "summary": {"covered_lines": 0, "num_statements": 1, "percent_covered": 0.0, "percent_covered_display": "0", "missing_lines": 1, "excluded_lines": 0, "percent_statements_covered": 0.0, "percent_statements_covered_display": "0"}, "missing_lines": [59], "excluded_lines": [], "start_line": 57}, "_texto": {"executed_lines": [], "summary": {"covered_lines": 0, "num_statements": 8, "percent_covered": 0.0, "percent_covered_display": "0", "missing_lines": 8, "excluded_lines": 0, "percent_statements_covered": 0.0, "percent_statements_covered_display": "0"}, "missing_lines": [64, 65, 66, 67, 68, 72, 73, 77], "excluded_lines": [], "start_line": 62}, "_servicio_de_entrada": {"executed_lines": [], "summary": {"covered_lines": 0, "num_statements": 9, "percent_covered": 0.0, "percent_covered_display": "0", "missing_lines": 9, "excluded_lines": 0, "percent_statements_covered": 0.0, "percent_statements_covered_display": "0"}, "missing_lines": [82, 83, 88, 89, 90, 92, 93, 94, 99], "excluded_lines": [], "start_line": 80}, "_comprobar_conjunto": {"executed_lines": [], "summary": {"covered_lines": 0, "num_statements": 14, "percent_covered": 0.0, "percent_covered_display": "0", "missing_lines": 14, "excluded_lines": 0, "percent_statements_covered": 0.0, "percent_statements_covered_display": "0"}, "missing_lines": [110, 111, 113, 114, 115, 116, 118, 119, 120, 123, 126, 130, 132, 133], "excluded_lines": [], "start_line": 108}, "cargar_servicios": {"executed_lines": [], "summary": {"covered_lines": 0, "num_statements": 15, "percent_covered": 0.0, "percent_covered_display": "0", "missing_lines": 15, "excluded_lines": 0, "percent_statements_covered": 0.0, "percent_statements_covered_display": "0"}, "missing_lines": [147, 148, 149, 150, 151, 153, 154, 155, 156, 160, 161, 162, 167, 168, 169], "excluded_lines": [], "start_line": 139}, "servicio_de_ruta": {"executed_lines": [], "summary": {"covered_lines": 0, "num_statements": 5, "percent_covered": 0.0, "percent_covered_display": "0", "missing_lines": 5, "excluded_lines": 0, "percent_statements_covered": 0.0, "percent_statements_covered_display": "0"}, "missing_lines": [177, 178, 183, 184, 185], "excluded_lines": [], "start_line": 175}, "interprete": {"executed_lines": [], "summary": {"covered_lines": 0, "num_statements": 8, "percent_covered": 0.0, "percent_covered_display": "0", "missing_lines": 8, "excluded_lines": 0, "percent_statements_covered": 0.0, "percent_statements_covered_display": "0"}, "missing_lines": [196, 197, 199, 200, 201, 202, 203, 205], "excluded_lines": [], "start_line": 188}, "tiene_tests": {"executed_lines": [], "summary": {"covered_lines": 0, "num_statements": 1, "percent_covered": 0.0, "percent_covered_display": "0", "missing_lines": 1, "excluded_lines": 0, "percent_statements_covered": 0.0, "percent_statements_covered_display": "0"}, "missing_lines": [214], "excluded_lines": [], "start_line": 212}, "linea_shell": {"executed_lines": [], "summary": {"covered_lines": 0, "num_statements": 2, "percent_covered": 0.0, "percent_covered_display": "0", "missing_lines": 2, "excluded_lines": 0, "percent_statements_covered": 0.0, "percent_statements_covered_display": "0"}, "missing_lines": [224, 229], "excluded_lines": [], "start_line": 217}, "main": {"executed_lines": [], "summary": {"covered_lines": 0, "num_statements": 21, "percent_covered": 0.0, "percent_covered_display": "0", "missing_lines": 21, "excluded_lines": 0, "percent_statements_covered": 0.0, "percent_statements_covered_display": "0"}, "missing_lines": [245, 249, 250, 253, 254, 255, 257, 258, 259, 260, 261, 262, 264, 265, 266, 267, 269, 270, 271, 272, 276], "excluded_lines": [], "start_line": 243}, "": {"executed_lines": [21, 23, 24, 25, 26, 27, 30, 34, 37, 40, 43, 44, 47, 48, 49, 50, 51, 57, 62, 80, 108, 139, 175, 188, 212, 217, 243], "summary": {"covered_lines": 27, "num_statements": 27, "percent_covered": 100.0, "percent_covered_display": "100", "missing_lines": 0, "excluded_lines": 2, "percent_statements_covered": 100.0, "percent_statements_covered_display": "100"}, "missing_lines": [], "excluded_lines": [279, 280], "start_line": 1}}, "classes": {"Servicio": {"executed_lines": [], "summary": {"covered_lines": 0, "num_statements": 0, "percent_covered": 100.0, "percent_covered_display": "100", "missing_lines": 0, "excluded_lines": 0, "percent_statements_covered": 100.0, "percent_statements_covered_display": "100"}, "missing_lines": [], "excluded_lines": [], "start_line": 44}, "": {"executed_lines": [21, 23, 24, 25, 26, 27, 30, 34, 37, 40, 43, 44, 47, 48, 49, 50, 51, 57, 62, 80, 108, 139, 175, 188, 212, 217, 243], "summary": {"covered_lines": 27, "num_statements": 111, "percent_covered": 24.324324324324323, "percent_covered_display": "24", "missing_lines": 84, "excluded_lines": 2, "percent_statements_covered": 24.324324324324323, "percent_statements_covered_display": "24"}, "missing_lines": [59, 64, 65, 66, 67, 68, 72, 73, 77, 82, 83, 88, 89, 90, 92, 93, 94, 99, 110, 111, 113, 114, 115, 116, 118, 119, 120, 123, 126, 130, 132, 133, 147, 148, 149, 150, 151, 153, 154, 155, 156, 160, 161, 162, 167, 168, 169, 177, 178, 183, 184, 185, 196, 197, 199, 200, 201, 202, 203, 205, 214, 224, 229, 245, 249, 250, 253, 254, 255, 257, 258, 259, 260, 261, 262, 264, 265, 266, 267, 269, 270, 271, 272, 276], "excluded_lines": [279, 280], "start_line": 1}}}, "tests\\test_backlog_md.py": {"executed_lines": [8, 10, 11, 12, 14, 17, 18, 19, 22, 23, 26, 27, 28, 34, 35, 36, 39, 40, 41, 42, 43, 44, 45, 46, 49, 50, 51, 52, 53, 58, 59, 60, 63, 65, 66, 67], "summary": {"covered_lines": 36, "num_statements": 36, "percent_covered": 100.0, "percent_covered_display": "100", "missing_lines": 0, "excluded_lines": 0, "percent_statements_covered": 100.0, "percent_statements_covered_display": "100"}, "missing_lines": [], "excluded_lines": [], "functions": {"_leer_features": {"executed_lines": [18, 19], "summary": {"covered_lines": 2, "num_statements": 2, "percent_covered": 100.0, "percent_covered_display": "100", "missing_lines": 0, "excluded_lines": 0, "percent_statements_covered": 100.0, "percent_statements_covered_display": "100"}, "missing_lines": [], "excluded_lines": [], "start_line": 17}, "test_backlog_md_existe_y_esta_al_dia": {"executed_lines": [23, 26, 27, 28], "summary": {"covered_lines": 4, "num_statements": 4, "percent_covered": 100.0, "percent_covered_display": "100", "missing_lines": 0, "excluded_lines": 0, "percent_statements_covered": 100.0, "percent_statements_covered_display": "100"}, "missing_lines": [], "excluded_lines": [], "start_line": 22}, "test_la_generacion_es_determinista": {"executed_lines": [35, 36], "summary": {"covered_lines": 2, "num_statements": 2, "percent_covered": 100.0, "percent_covered_display": "100", "missing_lines": 0, "excluded_lines": 0, "percent_statements_covered": 100.0, "percent_statements_covered_display": "100"}, "missing_lines": [], "excluded_lines": [], "start_line": 34}, "test_estan_todas_las_features_con_su_estado_y_prioridad": {"executed_lines": [40, 41, 42, 43, 44, 45, 46], "summary": {"covered_lines": 7, "num_statements": 7, "percent_covered": 100.0, "percent_covered_display": "100", "missing_lines": 0, "excluded_lines": 0, "percent_statements_covered": 100.0, "percent_statements_covered_display": "100"}, "missing_lines": [], "excluded_lines": [], "start_line": 39}, "test_las_abiertas_salen_ordenadas_por_prioridad": {"executed_lines": [50, 51, 52, 53, 58, 59, 60], "summary": {"covered_lines": 7, "num_statements": 7, "percent_covered": 100.0, "percent_covered_display": "100", "missing_lines": 0, "excluded_lines": 0, "percent_statements_covered": 100.0, "percent_statements_covered_display": "100"}, "missing_lines": [], "excluded_lines": [], "start_line": 49}, "test_no_lleva_marca_de_tiempo": {"executed_lines": [65, 66, 67], "summary": {"covered_lines": 3, "num_statements": 3, "percent_covered": 100.0, "percent_covered_display": "100", "missing_lines": 0, "excluded_lines": 0, "percent_statements_covered": 100.0, "percent_statements_covered_display": "100"}, "missing_lines": [], "excluded_lines": [], "start_line": 63}, "": {"executed_lines": [8, 10, 11, 12, 14, 17, 22, 34, 39, 49, 63], "summary": {"covered_lines": 11, "num_statements": 11, "percent_covered": 100.0, "percent_covered_display": "100", "missing_lines": 0, "excluded_lines": 0, "percent_statements_covered": 100.0, "percent_statements_covered_display": "100"}, "missing_lines": [], "excluded_lines": [], "start_line": 1}}, "classes": {"": {"executed_lines": [8, 10, 11, 12, 14, 17, 18, 19, 22, 23, 26, 27, 28, 34, 35, 36, 39, 40, 41, 42, 43, 44, 45, 46, 49, 50, 51, 52, 53, 58, 59, 60, 63, 65, 66, 67], "summary": {"covered_lines": 36, "num_statements": 36, "percent_covered": 100.0, "percent_covered_display": "100", "missing_lines": 0, "excluded_lines": 0, "percent_statements_covered": 100.0, "percent_statements_covered_display": "100"}, "missing_lines": [], "excluded_lines": [], "start_line": 1}}}, "tests\\test_mutacion_informe.py": {"executed_lines": [11, 13, 15, 16, 25, 33, 34, 40, 50, 51, 61, 62, 63, 64, 67, 68, 69, 70, 82, 84, 85, 86, 87, 90, 92, 93, 94, 99, 101, 102, 103, 106, 107, 108, 109, 114, 116, 119, 120, 130, 133, 135, 145, 148], "summary": {"covered_lines": 44, "num_statements": 44, "percent_covered": 100.0, "percent_covered_display": "100", "missing_lines": 0, "excluded_lines": 0, "percent_statements_covered": 100.0, "percent_statements_covered_display": "100"}, "missing_lines": [], "excluded_lines": [], "functions": {"_informe": {"executed_lines": [34, 40], "summary": {"covered_lines": 2, "num_statements": 2, "percent_covered": 100.0, "percent_covered_display": "100", "missing_lines": 0, "excluded_lines": 0, "percent_statements_covered": 100.0, "percent_statements_covered_display": "100"}, "missing_lines": [], "excluded_lines": [], "start_line": 33}, "_mutante": {"executed_lines": [51], "summary": {"covered_lines": 1, "num_statements": 1, "percent_covered": 100.0, "percent_covered_display": "100", "missing_lines": 0, "excluded_lines": 0, "percent_statements_covered": 100.0, "percent_statements_covered_display": "100"}, "missing_lines": [], "excluded_lines": [], "start_line": 50}, "test_sin_informe_previo_el_analisis_queda_pendiente": {"executed_lines": [62, 63, 64], "summary": {"covered_lines": 3, "num_statements": 3, "percent_covered": 100.0, "percent_covered_display": "100", "missing_lines": 0, "excluded_lines": 0, "percent_statements_covered": 100.0, "percent_statements_covered_display": "100"}, "missing_lines": [], "excluded_lines": [], "start_line": 61}, "test_el_analisis_escrito_sobrevive_a_repetir_la_campania": {"executed_lines": [68, 69, 70, 82, 84, 85, 86, 87], "summary": {"covered_lines": 8, "num_statements": 8, "percent_covered": 100.0, "percent_covered_display": "100", "missing_lines": 0, "excluded_lines": 0, "percent_statements_covered": 100.0, "percent_statements_covered_display": "100"}, "missing_lines": [], "excluded_lines": [], "start_line": 67}, "test_el_analisis_sigue_al_mutante_aunque_la_linea_se_mueva": {"executed_lines": [92, 93, 94, 99, 101, 102, 103], "summary": {"covered_lines": 7, "num_statements": 7, "percent_covered": 100.0, "percent_covered_display": "100", "missing_lines": 0, "excluded_lines": 0, "percent_statements_covered": 100.0, "percent_statements_covered_display": "100"}, "missing_lines": [], "excluded_lines": [], "start_line": 90}, "test_un_mutante_distinto_no_hereda_el_analisis_de_otro": {"executed_lines": [107, 108, 109, 114, 116], "summary": {"covered_lines": 5, "num_statements": 5, "percent_covered": 100.0, "percent_covered_display": "100", "missing_lines": 0, "excluded_lines": 0, "percent_statements_covered": 100.0, "percent_statements_covered_display": "100"}, "missing_lines": [], "excluded_lines": [], "start_line": 106}, "test_la_plantilla_vacia_no_cuenta_como_analisis": {"executed_lines": [120, 130], "summary": {"covered_lines": 2, "num_statements": 2, "percent_covered": 100.0, "percent_covered_display": "100", "missing_lines": 0, "excluded_lines": 0, "percent_statements_covered": 100.0, "percent_statements_covered_display": "100"}, "missing_lines": [], "excluded_lines": [], "start_line": 119}, "test_dos_supervivientes_con_la_misma_clave_y_analisis_distintos_se_descartan": {"executed_lines": [135, 145, 148], "summary": {"covered_lines": 3, "num_statements": 3, "percent_covered": 100.0, "percent_covered_display": "100", "missing_lines": 0, "excluded_lines": 0, "percent_statements_covered": 100.0, "percent_statements_covered_display": "100"}, "missing_lines": [], "excluded_lines": [], "start_line": 133}, "": {"executed_lines": [11, 13, 15, 16, 25, 33, 50, 61, 67, 90, 106, 119, 133], "summary": {"covered_lines": 13, "num_statements": 13, "percent_covered": 100.0, "percent_covered_display": "100", "missing_lines": 0, "excluded_lines": 0, "percent_statements_covered": 100.0, "percent_statements_covered_display": "100"}, "missing_lines": [], "excluded_lines": [], "start_line": 1}}, "classes": {"": {"executed_lines": [11, 13, 15, 16, 25, 33, 34, 40, 50, 51, 61, 62, 63, 64, 67, 68, 69, 70, 82, 84, 85, 86, 87, 90, 92, 93, 94, 99, 101, 102, 103, 106, 107, 108, 109, 114, 116, 119, 120, 130, 133, 135, 145, 148], "summary": {"covered_lines": 44, "num_statements": 44, "percent_covered": 100.0, "percent_covered_display": "100", "missing_lines": 0, "excluded_lines": 0, "percent_statements_covered": 100.0, "percent_statements_covered_display": "100"}, "missing_lines": [], "excluded_lines": [], "start_line": 1}}}}, "totals": {"covered_lines": 365, "num_statements": 844, "percent_covered": 43.24644549763033, "percent_covered_display": "43", "missing_lines": 479, "excluded_lines": 6, "percent_statements_covered": 43.24644549763033, "percent_statements_covered_display": "43"}}