{"meta": {"format": 3, "version": "7.15.4", "timestamp": "2026-08-19T01:00:15.152664", "branch_coverage": false, "show_contexts": false}, "files": {"application\\__init__.py": {"executed_lines": [], "summary": {"covered_lines": 0, "num_statements": 0, "percent_covered": 100.0, "percent_covered_display": "100", "missing_lines": 0, "excluded_lines": 0, "percent_statements_covered": 100.0, "percent_statements_covered_display": "100"}, "missing_lines": [], "excluded_lines": [], "functions": {"": {"executed_lines": [], "summary": {"covered_lines": 0, "num_statements": 0, "percent_covered": 100.0, "percent_covered_display": "100", "missing_lines": 0, "excluded_lines": 0, "percent_statements_covered": 100.0, "percent_statements_covered_display": "100"}, "missing_lines": [], "excluded_lines": [], "start_line": 1}}, "classes": {"": {"executed_lines": [], "summary": {"covered_lines": 0, "num_statements": 0, "percent_covered": 100.0, "percent_covered_display": "100", "missing_lines": 0, "excluded_lines": 0, "percent_statements_covered": 100.0, "percent_statements_covered_display": "100"}, "missing_lines": [], "excluded_lines": [], "start_line": 1}}}, "application\\pipelines\\__init__.py": {"executed_lines": [], "summary": {"covered_lines": 0, "num_statements": 0, "percent_covered": 100.0, "percent_covered_display": "100", "missing_lines": 0, "excluded_lines": 0, "percent_statements_covered": 100.0, "percent_statements_covered_display": "100"}, "missing_lines": [], "excluded_lines": [], "functions": {"": {"executed_lines": [], "summary": {"covered_lines": 0, "num_statements": 0, "percent_covered": 100.0, "percent_covered_display": "100", "missing_lines": 0, "excluded_lines": 0, "percent_statements_covered": 100.0, "percent_statements_covered_display": "100"}, "missing_lines": [], "excluded_lines": [], "start_line": 1}}, "classes": {"": {"executed_lines": [], "summary": {"covered_lines": 0, "num_statements": 0, "percent_covered": 100.0, "percent_covered_display": "100", "missing_lines": 0, "excluded_lines": 0, "percent_statements_covered": 100.0, "percent_statements_covered_display": "100"}, "missing_lines": [], "excluded_lines": [], "start_line": 1}}}, "application\\pipelines\\registro_pipeline.py": {"executed_lines": [22, 24, 25, 26, 27, 29, 32, 33, 37, 39, 42, 48, 49, 50, 51, 54, 56, 57, 58, 62, 65, 79, 90, 91, 95, 96, 97, 98, 100, 102, 107, 108, 111, 113, 117, 119, 120, 121, 122, 124, 125, 127, 128, 130, 134, 136, 139, 141, 144, 145, 146, 147, 149, 153, 154, 157, 163, 164, 165, 166, 167, 168, 169, 170, 171, 172, 173, 174, 175, 176, 177, 178, 179, 181, 182, 183, 185, 186, 190, 195, 197, 199, 200, 203, 204, 205, 206, 207, 208, 209, 211, 212, 214, 217, 219, 220, 221, 222, 223, 224, 228, 229, 230, 231, 233, 235, 236, 237, 239, 240, 241, 242, 246, 254, 255, 256, 257, 258, 263, 269, 270, 271, 276, 278, 283, 288, 289, 291, 292, 293, 294, 298, 299, 301, 304, 307, 308, 309, 310, 312, 313, 315, 324, 325, 326, 327, 329, 330, 332, 335, 341, 347, 348, 349, 350, 351, 352, 370, 371, 372, 373, 374, 375, 376, 378, 379, 380, 382, 383, 384, 385, 386, 387, 388, 394, 402, 403, 407, 409, 410, 411, 413], "summary": {"covered_lines": 182, "num_statements": 216, "percent_covered": 84.25925925925925, "percent_covered_display": "84", "missing_lines": 34, "excluded_lines": 0, "percent_statements_covered": 84.25925925925925, "percent_statements_covered_display": "84"}, "missing_lines": [43, 44, 45, 59, 66, 67, 68, 69, 71, 72, 73, 76, 92, 103, 126, 129, 180, 191, 192, 213, 232, 336, 338, 353, 355, 356, 357, 359, 361, 362, 363, 364, 366, 412], "excluded_lines": [], "functions": {"_norm": {"executed_lines": [], "summary": {"covered_lines": 0, "num_statements": 3, "percent_covered": 0.0, "percent_covered_display": "0", "missing_lines": 3, "excluded_lines": 0, "percent_statements_covered": 0.0, "percent_statements_covered_display": "0"}, "missing_lines": [43, 44, 45], "excluded_lines": [], "start_line": 42}, "RegistroPipeline.__init__": {"executed_lines": [50, 51], "summary": {"covered_lines": 2, "num_statements": 2, "percent_covered": 100.0, "percent_covered_display": "100", "missing_lines": 0, "excluded_lines": 0, "percent_statements_covered": 100.0, "percent_statements_covered_display": "100"}, "missing_lines": [], "excluded_lines": [], "start_line": 49}, "RegistroPipeline._obra_destino": {"executed_lines": [56, 57, 58, 62, 65], "summary": {"covered_lines": 5, "num_statements": 14, "percent_covered": 35.714285714285715, "percent_covered_display": "36", "missing_lines": 9, "excluded_lines": 0, "percent_statements_covered": 35.714285714285715, "percent_statements_covered_display": "36"}, "missing_lines": [59, 66, 67, 68, 69, 71, 72, 73, 76], "excluded_lines": [], "start_line": 54}, "RegistroPipeline._destino_postventa": {"executed_lines": [90, 91, 95, 96, 97, 98, 100, 102, 107, 108], "summary": {"covered_lines": 10, "num_statements": 12, "percent_covered": 83.33333333333333, "percent_covered_display": "83", "missing_lines": 2, "excluded_lines": 0, "percent_statements_covered": 83.33333333333333, "percent_statements_covered_display": "83"}, "missing_lines": [92, 103], "excluded_lines": [], "start_line": 79}, "RegistroPipeline._resolver_recursos": {"executed_lines": [113, 117, 119, 120, 121, 122, 124, 125, 127, 128, 130, 134, 136], "summary": {"covered_lines": 13, "num_statements": 15, "percent_covered": 86.66666666666667, "percent_covered_display": "87", "missing_lines": 2, "excluded_lines": 0, "percent_statements_covered": 86.66666666666667, "percent_statements_covered_display": "87"}, "missing_lines": [126, 129], "excluded_lines": [], "start_line": 111}, "RegistroPipeline.preflight": {"executed_lines": [141, 144, 145, 146, 147, 149, 153, 154, 157, 163, 164, 165, 166, 167, 168, 169, 170, 171, 172, 173, 174, 175, 176, 177, 178, 179, 181, 182, 183, 185, 186, 190, 195, 197, 199, 203, 204, 205, 206, 207, 208, 209, 211, 212, 214, 217, 219, 220, 221, 222, 223, 224, 228, 229, 230, 231, 233, 235, 236, 237, 239, 240, 241, 242, 246, 254, 255, 256, 257, 258, 263, 269, 270, 271, 276, 278, 283, 288, 289, 291, 298, 299, 301], "summary": {"covered_lines": 83, "num_statements": 88, "percent_covered": 94.31818181818181, "percent_covered_display": "94", "missing_lines": 5, "excluded_lines": 0, "percent_statements_covered": 94.31818181818181, "percent_statements_covered_display": "94"}, "missing_lines": [180, 191, 192, 213, 232], "excluded_lines": [], "start_line": 139}, "RegistroPipeline.preflight.obra_de": {"executed_lines": [200], "summary": {"covered_lines": 1, "num_statements": 1, "percent_covered": 100.0, "percent_covered_display": "100", "missing_lines": 0, "excluded_lines": 0, "percent_statements_covered": 100.0, "percent_statements_covered_display": "100"}, "missing_lines": [], "excluded_lines": [], "start_line": 199}, "RegistroPipeline.preflight._cat": {"executed_lines": [292, 293, 294], "summary": {"covered_lines": 3, "num_statements": 3, "percent_covered": 100.0, "percent_covered_display": "100", "missing_lines": 0, "excluded_lines": 0, "percent_statements_covered": 100.0, "percent_statements_covered_display": "100"}, "missing_lines": [], "excluded_lines": [], "start_line": 291}, "RegistroPipeline.ejecutar": {"executed_lines": [307, 308, 309, 310, 312, 315, 324, 325, 326, 327, 329, 330, 332, 335, 341, 347, 348, 349, 350, 351, 352, 370, 371, 372, 373, 374, 375, 376, 378, 379, 380, 382, 383, 384, 385, 386, 387, 388, 394, 402, 403, 407, 409, 410, 411, 413], "summary": {"covered_lines": 46, "num_statements": 59, "percent_covered": 77.96610169491525, "percent_covered_display": "78", "missing_lines": 13, "excluded_lines": 0, "percent_statements_covered": 77.96610169491525, "percent_statements_covered_display": "78"}, "missing_lines": [336, 338, 353, 355, 356, 357, 359, 361, 362, 363, 364, 366, 412], "excluded_lines": [], "start_line": 304}, "RegistroPipeline.ejecutar.obra_de": {"executed_lines": [313], "summary": {"covered_lines": 1, "num_statements": 1, "percent_covered": 100.0, "percent_covered_display": "100", "missing_lines": 0, "excluded_lines": 0, "percent_statements_covered": 100.0, "percent_statements_covered_display": "100"}, "missing_lines": [], "excluded_lines": [], "start_line": 312}, "": {"executed_lines": [22, 24, 25, 26, 27, 29, 32, 33, 37, 39, 42, 48, 49, 54, 79, 111, 139, 304], "summary": {"covered_lines": 18, "num_statements": 18, "percent_covered": 100.0, "percent_covered_display": "100", "missing_lines": 0, "excluded_lines": 0, "percent_statements_covered": 100.0, "percent_statements_covered_display": "100"}, "missing_lines": [], "excluded_lines": [], "start_line": 1}}, "classes": {"RegistroPipeline": {"executed_lines": [50, 51, 56, 57, 58, 62, 65, 90, 91, 95, 96, 97, 98, 100, 102, 107, 108, 113, 117, 119, 120, 121, 122, 124, 125, 127, 128, 130, 134, 136, 141, 144, 145, 146, 147, 149, 153, 154, 157, 163, 164, 165, 166, 167, 168, 169, 170, 171, 172, 173, 174, 175, 176, 177, 178, 179, 181, 182, 183, 185, 186, 190, 195, 197, 199, 200, 203, 204, 205, 206, 207, 208, 209, 211, 212, 214, 217, 219, 220, 221, 222, 223, 224, 228, 229, 230, 231, 233, 235, 236, 237, 239, 240, 241, 242, 246, 254, 255, 256, 257, 258, 263, 269, 270, 271, 276, 278, 283, 288, 289, 291, 292, 293, 294, 298, 299, 301, 307, 308, 309, 310, 312, 313, 315, 324, 325, 326, 327, 329, 330, 332, 335, 341, 347, 348, 349, 350, 351, 352, 370, 371, 372, 373, 374, 375, 376, 378, 379, 380, 382, 383, 384, 385, 386, 387, 388, 394, 402, 403, 407, 409, 410, 411, 413], "summary": {"covered_lines": 164, "num_statements": 195, "percent_covered": 84.1025641025641, "percent_covered_display": "84", "missing_lines": 31, "excluded_lines": 0, "percent_statements_covered": 84.1025641025641, "percent_statements_covered_display": "84"}, "missing_lines": [59, 66, 67, 68, 69, 71, 72, 73, 76, 92, 103, 126, 129, 180, 191, 192, 213, 232, 336, 338, 353, 355, 356, 357, 359, 361, 362, 363, 364, 366, 412], "excluded_lines": [], "start_line": 48}, "": {"executed_lines": [22, 24, 25, 26, 27, 29, 32, 33, 37, 39, 42, 48, 49, 54, 79, 111, 139, 304], "summary": {"covered_lines": 18, "num_statements": 21, "percent_covered": 85.71428571428571, "percent_covered_display": "86", "missing_lines": 3, "excluded_lines": 0, "percent_statements_covered": 85.71428571428571, "percent_statements_covered_display": "86"}, "missing_lines": [43, 44, 45], "excluded_lines": [], "start_line": 1}}}, "application\\services\\__init__.py": {"executed_lines": [], "summary": {"covered_lines": 0, "num_statements": 0, "percent_covered": 100.0, "percent_covered_display": "100", "missing_lines": 0, "excluded_lines": 0, "percent_statements_covered": 100.0, "percent_statements_covered_display": "100"}, "missing_lines": [], "excluded_lines": [], "functions": {"": {"executed_lines": [], "summary": {"covered_lines": 0, "num_statements": 0, "percent_covered": 100.0, "percent_covered_display": "100", "missing_lines": 0, "excluded_lines": 0, "percent_statements_covered": 100.0, "percent_statements_covered_display": "100"}, "missing_lines": [], "excluded_lines": [], "start_line": 1}}, "classes": {"": {"executed_lines": [], "summary": {"covered_lines": 0, "num_statements": 0, "percent_covered": 100.0, "percent_covered_display": "100", "missing_lines": 0, "excluded_lines": 0, "percent_statements_covered": 100.0, "percent_statements_covered_display": "100"}, "missing_lines": [], "excluded_lines": [], "start_line": 1}}}, "application\\services\\partida_catalog.py": {"executed_lines": [18, 20, 22, 25, 26, 27, 28, 29, 30, 31, 32, 33, 34, 36, 37, 38, 39, 40, 43, 46, 47, 48, 49, 52, 53, 54, 56, 57, 58, 60, 61, 62, 65, 66, 67, 69, 71, 73, 76, 79, 80, 81, 82, 85, 88, 89, 90, 101, 102, 103, 104, 105, 107, 108, 109, 111, 112, 113, 114, 115, 116, 117, 118, 119, 120, 121, 122, 123, 124, 125, 126, 127, 128, 130, 131, 132, 134, 137, 143, 144, 145, 148, 149, 150, 151, 152, 154, 156, 157, 158], "summary": {"covered_lines": 90, "num_statements": 99, "percent_covered": 90.9090909090909, "percent_covered_display": "91", "missing_lines": 9, "excluded_lines": 0, "percent_statements_covered": 90.9090909090909, "percent_statements_covered_display": "91"}, "missing_lines": [55, 59, 68, 70, 72, 146, 147, 153, 155], "excluded_lines": [], "functions": {"_empieza_capitulo": {"executed_lines": [46, 47, 48, 49], "summary": {"covered_lines": 4, "num_statements": 4, "percent_covered": 100.0, "percent_covered_display": "100", "missing_lines": 0, "excluded_lines": 0, "percent_statements_covered": 100.0, "percent_statements_covered_display": "100"}, "missing_lines": [], "excluded_lines": [], "start_line": 43}, "_cat_por_codigo": {"executed_lines": [53, 54, 56, 57, 58, 60, 61, 62], "summary": {"covered_lines": 8, "num_statements": 10, "percent_covered": 80.0, "percent_covered_display": "80", "missing_lines": 2, "excluded_lines": 0, "percent_statements_covered": 80.0, "percent_statements_covered_display": "80"}, "missing_lines": [55, 59], "excluded_lines": [], "start_line": 52}, "_cat_por_descripcion": {"executed_lines": [66, 67, 69, 71, 73], "summary": {"covered_lines": 5, "num_statements": 8, "percent_covered": 62.5, "percent_covered_display": "62", "missing_lines": 3, "excluded_lines": 0, "percent_statements_covered": 62.5, "percent_statements_covered_display": "62"}, "missing_lines": [68, 70, 72], "excluded_lines": [], "start_line": 65}, "clasifica_categoria": {"executed_lines": [79, 80, 81, 82], "summary": {"covered_lines": 4, "num_statements": 4, "percent_covered": 100.0, "percent_covered_display": "100", "missing_lines": 0, "excluded_lines": 0, "percent_statements_covered": 100.0, "percent_statements_covered_display": "100"}, "missing_lines": [], "excluded_lines": [], "start_line": 76}, "build_arbol_partidas": {"executed_lines": [88, 89, 90, 101, 102, 103, 104, 105, 107, 108, 109, 111, 112, 113, 114, 115, 116, 117, 118, 119, 120, 121, 122, 123, 124, 125, 126, 127, 128, 130, 131, 132, 134], "summary": {"covered_lines": 33, "num_statements": 33, "percent_covered": 100.0, "percent_covered_display": "100", "missing_lines": 0, "excluded_lines": 0, "percent_statements_covered": 100.0, "percent_statements_covered_display": "100"}, "missing_lines": [], "excluded_lines": [], "start_line": 85}, "partidas_hoja": {"executed_lines": [143, 144, 145, 148, 149, 150, 151, 152, 154, 156, 157, 158], "summary": {"covered_lines": 12, "num_statements": 16, "percent_covered": 75.0, "percent_covered_display": "75", "missing_lines": 4, "excluded_lines": 0, "percent_statements_covered": 75.0, "percent_statements_covered_display": "75"}, "missing_lines": [146, 147, 153, 155], "excluded_lines": [], "start_line": 137}, "": {"executed_lines": [18, 20, 22, 25, 26, 27, 28, 29, 30, 31, 32, 33, 34, 36, 37, 38, 39, 40, 43, 52, 65, 76, 85, 137], "summary": {"covered_lines": 24, "num_statements": 24, "percent_covered": 100.0, "percent_covered_display": "100", "missing_lines": 0, "excluded_lines": 0, "percent_statements_covered": 100.0, "percent_statements_covered_display": "100"}, "missing_lines": [], "excluded_lines": [], "start_line": 1}}, "classes": {"PartidaNodo": {"executed_lines": [], "summary": {"covered_lines": 0, "num_statements": 0, "percent_covered": 100.0, "percent_covered_display": "100", "missing_lines": 0, "excluded_lines": 0, "percent_statements_covered": 100.0, "percent_statements_covered_display": "100"}, "missing_lines": [], "excluded_lines": [], "start_line": 26}, "": {"executed_lines": [18, 20, 22, 25, 26, 27, 28, 29, 30, 31, 32, 33, 34, 36, 37, 38, 39, 40, 43, 46, 47, 48, 49, 52, 53, 54, 56, 57, 58, 60, 61, 62, 65, 66, 67, 69, 71, 73, 76, 79, 80, 81, 82, 85, 88, 89, 90, 101, 102, 103, 104, 105, 107, 108, 109, 111, 112, 113, 114, 115, 116, 117, 118, 119, 120, 121, 122, 123, 124, 125, 126, 127, 128, 130, 131, 132, 134, 137, 143, 144, 145, 148, 149, 150, 151, 152, 154, 156, 157, 158], "summary": {"covered_lines": 90, "num_statements": 99, "percent_covered": 90.9090909090909, "percent_covered_display": "91", "missing_lines": 9, "excluded_lines": 0, "percent_statements_covered": 90.9090909090909, "percent_statements_covered_display": "91"}, "missing_lines": [55, 59, 68, 70, 72, 146, 147, 153, 155], "excluded_lines": [], "start_line": 1}}}, "application\\services\\partida_matcher.py": {"executed_lines": [18, 20, 22, 23, 25, 31, 32, 33, 36, 37, 38, 39, 40, 43, 44, 45, 48, 50, 51, 52, 53, 54, 57, 58, 61, 62, 63, 64, 65, 66, 71, 73, 75, 78, 84, 85, 87, 88, 89, 90, 91, 92, 93, 96, 99, 100, 101, 102, 105, 106, 107, 110, 119, 120, 121, 122, 124, 125, 126, 129, 131, 132, 133, 135, 136, 137, 139, 142, 144, 146, 147, 151, 152, 153, 155, 157, 161, 169, 177, 181, 182, 184, 185], "summary": {"covered_lines": 83, "num_statements": 94, "percent_covered": 88.29787234042553, "percent_covered_display": "88", "missing_lines": 11, "excluded_lines": 0, "percent_statements_covered": 88.29787234042553, "percent_statements_covered_display": "88"}, "missing_lines": [67, 72, 74, 86, 95, 130, 138, 140, 156, 183, 186], "excluded_lines": [], "functions": {"_content_tokens": {"executed_lines": [44, 45], "summary": {"covered_lines": 2, "num_statements": 2, "percent_covered": 100.0, "percent_covered_display": "100", "missing_lines": 0, "excluded_lines": 0, "percent_statements_covered": 100.0, "percent_statements_covered_display": "100"}, "missing_lines": [], "excluded_lines": [], "start_line": 43}, "_rol_texto": {"executed_lines": [50, 51, 52, 53, 54], "summary": {"covered_lines": 5, "num_statements": 5, "percent_covered": 100.0, "percent_covered_display": "100", "missing_lines": 0, "excluded_lines": 0, "percent_statements_covered": 100.0, "percent_statements_covered_display": "100"}, "missing_lines": [], "excluded_lines": [], "start_line": 48}, "_folded": {"executed_lines": [58], "summary": {"covered_lines": 1, "num_statements": 1, "percent_covered": 100.0, "percent_covered_display": "100", "missing_lines": 0, "excluded_lines": 0, "percent_statements_covered": 100.0, "percent_statements_covered_display": "100"}, "missing_lines": [], "excluded_lines": [], "start_line": 57}, "_token_en": {"executed_lines": [62, 63, 64, 65, 66, 71, 73, 75], "summary": {"covered_lines": 8, "num_statements": 11, "percent_covered": 72.72727272727273, "percent_covered_display": "73", "missing_lines": 3, "excluded_lines": 0, "percent_statements_covered": 72.72727272727273, "percent_statements_covered_display": "73"}, "missing_lines": [67, 72, 74], "excluded_lines": [], "start_line": 61}, "_score_rol": {"executed_lines": [84, 85, 87, 88, 89, 90, 91, 92, 93, 96], "summary": {"covered_lines": 10, "num_statements": 12, "percent_covered": 83.33333333333333, "percent_covered_display": "83", "missing_lines": 2, "excluded_lines": 0, "percent_statements_covered": 83.33333333333333, "percent_statements_covered_display": "83"}, "missing_lines": [86, 95], "excluded_lines": [], "start_line": 78}, "_rol_exacto": {"executed_lines": [100, 101, 102], "summary": {"covered_lines": 3, "num_statements": 3, "percent_covered": 100.0, "percent_covered_display": "100", "missing_lines": 0, "excluded_lines": 0, "percent_statements_covered": 100.0, "percent_statements_covered_display": "100"}, "missing_lines": [], "excluded_lines": [], "start_line": 99}, "_hits_nombre": {"executed_lines": [106, 107], "summary": {"covered_lines": 2, "num_statements": 2, "percent_covered": 100.0, "percent_covered_display": "100", "missing_lines": 0, "excluded_lines": 0, "percent_statements_covered": 100.0, "percent_statements_covered_display": "100"}, "missing_lines": [], "excluded_lines": [], "start_line": 105}, "match_partida": {"executed_lines": [119, 120, 121, 122, 124, 125, 126, 129, 131, 132, 133, 135, 136, 137, 139, 142, 144, 146, 147, 151, 152, 153, 155, 157], "summary": {"covered_lines": 24, "num_statements": 28, "percent_covered": 85.71428571428571, "percent_covered_display": "86", "missing_lines": 4, "excluded_lines": 0, "percent_statements_covered": 85.71428571428571, "percent_statements_covered_display": "86"}, "missing_lines": [130, 138, 140, 156], "excluded_lines": [], "start_line": 110}, "ambito_categoria": {"executed_lines": [181, 182, 184, 185], "summary": {"covered_lines": 4, "num_statements": 6, "percent_covered": 66.66666666666667, "percent_covered_display": "67", "missing_lines": 2, "excluded_lines": 0, "percent_statements_covered": 66.66666666666667, "percent_statements_covered_display": "67"}, "missing_lines": [183, 186], "excluded_lines": [], "start_line": 177}, "": {"executed_lines": [18, 20, 22, 23, 25, 31, 32, 33, 36, 37, 38, 39, 40, 43, 48, 57, 61, 78, 99, 105, 110, 161, 169, 177], "summary": {"covered_lines": 24, "num_statements": 24, "percent_covered": 100.0, "percent_covered_display": "100", "missing_lines": 0, "excluded_lines": 0, "percent_statements_covered": 100.0, "percent_statements_covered_display": "100"}, "missing_lines": [], "excluded_lines": [], "start_line": 1}}, "classes": {"PartidaMatch": {"executed_lines": [], "summary": {"covered_lines": 0, "num_statements": 0, "percent_covered": 100.0, "percent_covered_display": "100", "missing_lines": 0, "excluded_lines": 0, "percent_statements_covered": 100.0, "percent_statements_covered_display": "100"}, "missing_lines": [], "excluded_lines": [], "start_line": 37}, "": {"executed_lines": [18, 20, 22, 23, 25, 31, 32, 33, 36, 37, 38, 39, 40, 43, 44, 45, 48, 50, 51, 52, 53, 54, 57, 58, 61, 62, 63, 64, 65, 66, 71, 73, 75, 78, 84, 85, 87, 88, 89, 90, 91, 92, 93, 96, 99, 100, 101, 102, 105, 106, 107, 110, 119, 120, 121, 122, 124, 125, 126, 129, 131, 132, 133, 135, 136, 137, 139, 142, 144, 146, 147, 151, 152, 153, 155, 157, 161, 169, 177, 181, 182, 184, 185], "summary": {"covered_lines": 83, "num_statements": 94, "percent_covered": 88.29787234042553, "percent_covered_display": "88", "missing_lines": 11, "excluded_lines": 0, "percent_statements_covered": 88.29787234042553, "percent_statements_covered_display": "88"}, "missing_lines": [67, 72, 74, 86, 95, 130, 138, 140, 156, 183, 186], "excluded_lines": [], "start_line": 1}}}, "application\\services\\partida_resolver.py": {"executed_lines": [15, 17, 18, 20, 21, 24, 29, 31, 32, 35, 40, 41, 42, 44, 47, 53, 54, 55, 56, 57, 58], "summary": {"covered_lines": 21, "num_statements": 34, "percent_covered": 61.76470588235294, "percent_covered_display": "62", "missing_lines": 13, "excluded_lines": 0, "percent_statements_covered": 61.76470588235294, "percent_statements_covered_display": "62"}, "missing_lines": [43, 59, 61, 62, 64, 68, 69, 70, 71, 72, 74, 75, 76], "excluded_lines": [], "functions": {"construir_catalogo": {"executed_lines": [31, 32], "summary": {"covered_lines": 2, "num_statements": 2, "percent_covered": 100.0, "percent_covered_display": "100", "missing_lines": 0, "excluded_lines": 0, "percent_statements_covered": 100.0, "percent_statements_covered_display": "100"}, "missing_lines": [], "excluded_lines": [], "start_line": 29}, "resolver_normal": {"executed_lines": [40, 41, 42, 44], "summary": {"covered_lines": 4, "num_statements": 5, "percent_covered": 80.0, "percent_covered_display": "80", "missing_lines": 1, "excluded_lines": 0, "percent_statements_covered": 80.0, "percent_statements_covered_display": "80"}, "missing_lines": [43], "excluded_lines": [], "start_line": 35}, "resolver_postventa": {"executed_lines": [53, 54, 55, 56, 57, 58], "summary": {"covered_lines": 6, "num_statements": 18, "percent_covered": 33.333333333333336, "percent_covered_display": "33", "missing_lines": 12, "excluded_lines": 0, "percent_statements_covered": 33.333333333333336, "percent_statements_covered_display": "33"}, "missing_lines": [59, 61, 62, 64, 68, 69, 70, 71, 72, 74, 75, 76], "excluded_lines": [], "start_line": 47}, "": {"executed_lines": [15, 17, 18, 20, 21, 24, 29, 35, 47], "summary": {"covered_lines": 9, "num_statements": 9, "percent_covered": 100.0, "percent_covered_display": "100", "missing_lines": 0, "excluded_lines": 0, "percent_statements_covered": 100.0, "percent_statements_covered_display": "100"}, "missing_lines": [], "excluded_lines": [], "start_line": 1}}, "classes": {"": {"executed_lines": [15, 17, 18, 20, 21, 24, 29, 31, 32, 35, 40, 41, 42, 44, 47, 53, 54, 55, 56, 57, 58], "summary": {"covered_lines": 21, "num_statements": 34, "percent_covered": 61.76470588235294, "percent_covered_display": "62", "missing_lines": 13, "excluded_lines": 0, "percent_statements_covered": 61.76470588235294, "percent_statements_covered_display": "62"}, "missing_lines": [43, 59, 61, 62, 64, 68, 69, 70, 71, 72, 74, 75, 76], "excluded_lines": [], "start_line": 1}}}, "application\\services\\reglas_porcentajes.py": {"executed_lines": [19, 21, 22, 24, 28, 30, 31, 35, 36, 42, 51, 59, 60, 61, 62, 64, 65, 72, 73, 75, 76, 78, 80, 83, 84, 85, 87, 91, 92, 95, 96, 99, 103, 104, 105, 106, 112, 113, 114], "summary": {"covered_lines": 39, "num_statements": 45, "percent_covered": 86.66666666666667, "percent_covered_display": "87", "missing_lines": 6, "excluded_lines": 0, "percent_statements_covered": 86.66666666666667, "percent_statements_covered_display": "87"}, "missing_lines": [79, 81, 88, 93, 94, 107], "excluded_lines": [], "functions": {"ReglasPorcentajes.__init__": {"executed_lines": [59, 60, 61, 62], "summary": {"covered_lines": 4, "num_statements": 4, "percent_covered": 100.0, "percent_covered_display": "100", "missing_lines": 0, "excluded_lines": 0, "percent_statements_covered": 100.0, "percent_statements_covered_display": "100"}, "missing_lines": [], "excluded_lines": [], "start_line": 51}, "ReglasPorcentajes.decidir": {"executed_lines": [65, 72, 75, 76, 78, 80, 83, 84, 85, 87, 91, 92, 95, 96, 99, 103, 104, 105, 106, 112, 113, 114], "summary": {"covered_lines": 22, "num_statements": 28, "percent_covered": 78.57142857142857, "percent_covered_display": "79", "missing_lines": 6, "excluded_lines": 0, "percent_statements_covered": 78.57142857142857, "percent_statements_covered_display": "79"}, "missing_lines": [79, 81, 88, 93, 94, 107], "excluded_lines": [], "start_line": 64}, "ReglasPorcentajes.decidir.omitir": {"executed_lines": [73], "summary": {"covered_lines": 1, "num_statements": 1, "percent_covered": 100.0, "percent_covered_display": "100", "missing_lines": 0, "excluded_lines": 0, "percent_statements_covered": 100.0, "percent_statements_covered_display": "100"}, "missing_lines": [], "excluded_lines": [], "start_line": 72}, "": {"executed_lines": [19, 21, 22, 24, 28, 30, 31, 35, 36, 42, 51, 64], "summary": {"covered_lines": 12, "num_statements": 12, "percent_covered": 100.0, "percent_covered_display": "100", "missing_lines": 0, "excluded_lines": 0, "percent_statements_covered": 100.0, "percent_statements_covered_display": "100"}, "missing_lines": [], "excluded_lines": [], "start_line": 1}}, "classes": {"ReglasPorcentajes": {"executed_lines": [59, 60, 61, 62, 65, 72, 73, 75, 76, 78, 80, 83, 84, 85, 87, 91, 92, 95, 96, 99, 103, 104, 105, 106, 112, 113, 114], "summary": {"covered_lines": 27, "num_statements": 33, "percent_covered": 81.81818181818181, "percent_covered_display": "82", "missing_lines": 6, "excluded_lines": 0, "percent_statements_covered": 81.81818181818181, "percent_statements_covered_display": "82"}, "missing_lines": [79, 81, 88, 93, 94, 107], "excluded_lines": [], "start_line": 42}, "": {"executed_lines": [19, 21, 22, 24, 28, 30, 31, 35, 36, 42, 51, 64], "summary": {"covered_lines": 12, "num_statements": 12, "percent_covered": 100.0, "percent_covered_display": "100", "missing_lines": 0, "excluded_lines": 0, "percent_statements_covered": 100.0, "percent_statements_covered_display": "100"}, "missing_lines": [], "excluded_lines": [], "start_line": 1}}}, "application\\services\\text_match.py": {"executed_lines": [19, 21, 22, 24, 25, 28, 29, 30, 33, 35, 37, 38, 39, 40, 43, 45, 47, 50, 58, 59, 65, 73, 90, 91, 92, 94, 95, 96, 97, 98, 99, 101, 103, 105, 107, 108, 109, 110, 111, 113, 114, 117, 119, 120, 122, 124, 125, 126, 127, 128, 129, 130, 131, 133, 134, 135, 138, 148, 160, 164, 181], "summary": {"covered_lines": 61, "num_statements": 136, "percent_covered": 44.85294117647059, "percent_covered_display": "45", "missing_lines": 75, "excluded_lines": 0, "percent_statements_covered": 44.85294117647059, "percent_statements_covered_display": "45"}, "missing_lines": [36, 46, 52, 53, 54, 55, 76, 77, 78, 79, 80, 81, 82, 100, 102, 104, 106, 112, 121, 123, 140, 141, 142, 143, 144, 145, 150, 151, 152, 153, 154, 155, 156, 157, 161, 166, 167, 168, 169, 171, 172, 173, 174, 175, 176, 177, 178, 183, 184, 185, 187, 188, 189, 190, 191, 192, 193, 194, 195, 196, 197, 198, 199, 200, 201, 202, 203, 205, 206, 207, 208, 209, 211, 212, 214], "excluded_lines": [], "functions": {"strip_accents": {"executed_lines": [29, 30], "summary": {"covered_lines": 2, "num_statements": 2, "percent_covered": 100.0, "percent_covered_display": "100", "missing_lines": 0, "excluded_lines": 0, "percent_statements_covered": 100.0, "percent_statements_covered_display": "100"}, "missing_lines": [], "excluded_lines": [], "start_line": 28}, "normalize": {"executed_lines": [35, 37, 38, 39, 40], "summary": {"covered_lines": 5, "num_statements": 6, "percent_covered": 83.33333333333333, "percent_covered_display": "83", "missing_lines": 1, "excluded_lines": 0, "percent_statements_covered": 83.33333333333333, "percent_statements_covered_display": "83"}, "missing_lines": [36], "excluded_lines": [], "start_line": 33}, "normalize_code": {"executed_lines": [45, 47], "summary": {"covered_lines": 2, "num_statements": 3, "percent_covered": 66.66666666666667, "percent_covered_display": "67", "missing_lines": 1, "excluded_lines": 0, "percent_statements_covered": 66.66666666666667, "percent_statements_covered_display": "67"}, "missing_lines": [46], "excluded_lines": [], "start_line": 43}, "normalize_dni": {"executed_lines": [], "summary": {"covered_lines": 0, "num_statements": 4, "percent_covered": 0.0, "percent_covered_display": "0", "missing_lines": 4, "excluded_lines": 0, "percent_statements_covered": 0.0, "percent_statements_covered_display": "0"}, "missing_lines": [52, 53, 54, 55], "excluded_lines": [], "start_line": 50}, "_tokens": {"executed_lines": [59], "summary": {"covered_lines": 1, "num_statements": 1, "percent_covered": 100.0, "percent_covered_display": "100", "missing_lines": 0, "excluded_lines": 0, "percent_statements_covered": 100.0, "percent_statements_covered_display": "100"}, "missing_lines": [], "excluded_lines": [], "start_line": 58}, "looks_like_category": {"executed_lines": [], "summary": {"covered_lines": 0, "num_statements": 7, "percent_covered": 0.0, "percent_covered_display": "0", "missing_lines": 7, "excluded_lines": 0, "percent_statements_covered": 0.0, "percent_statements_covered_display": "0"}, "missing_lines": [76, 77, 78, 79, 80, 81, 82], "excluded_lines": [], "start_line": 73}, "phonetic_fold": {"executed_lines": [91, 92, 94, 95, 96, 97, 98, 99, 101, 103, 105, 107, 108, 109, 110, 111, 113, 114], "summary": {"covered_lines": 18, "num_statements": 23, "percent_covered": 78.26086956521739, "percent_covered_display": "78", "missing_lines": 5, "excluded_lines": 0, "percent_statements_covered": 78.26086956521739, "percent_statements_covered_display": "78"}, "missing_lines": [100, 102, 104, 106, 112], "excluded_lines": [], "start_line": 90}, "_osa_distance": {"executed_lines": [119, 120, 122, 124, 125, 126, 127, 128, 129, 130, 131, 133, 134, 135], "summary": {"covered_lines": 14, "num_statements": 16, "percent_covered": 87.5, "percent_covered_display": "88", "missing_lines": 2, "excluded_lines": 0, "percent_statements_covered": 87.5, "percent_statements_covered_display": "88"}, "missing_lines": [121, 123], "excluded_lines": [], "start_line": 117}, "token_ratio": {"executed_lines": [], "summary": {"covered_lines": 0, "num_statements": 6, "percent_covered": 0.0, "percent_covered_display": "0", "missing_lines": 6, "excluded_lines": 0, "percent_statements_covered": 0.0, "percent_statements_covered_display": "0"}, "missing_lines": [140, 141, 142, 143, 144, 145], "excluded_lines": [], "start_line": 138}, "_token_threshold": {"executed_lines": [], "summary": {"covered_lines": 0, "num_statements": 8, "percent_covered": 0.0, "percent_covered_display": "0", "missing_lines": 8, "excluded_lines": 0, "percent_statements_covered": 0.0, "percent_statements_covered_display": "0"}, "missing_lines": [150, 151, 152, 153, 154, 155, 156, 157], "excluded_lines": [], "start_line": 148}, "_is_initial": {"executed_lines": [], "summary": {"covered_lines": 0, "num_statements": 1, "percent_covered": 0.0, "percent_covered_display": "0", "missing_lines": 1, "excluded_lines": 0, "percent_statements_covered": 0.0, "percent_statements_covered_display": "0"}, "missing_lines": [161], "excluded_lines": [], "start_line": 160}, "_token_match": {"executed_lines": [], "summary": {"covered_lines": 0, "num_statements": 12, "percent_covered": 0.0, "percent_covered_display": "0", "missing_lines": 12, "excluded_lines": 0, "percent_statements_covered": 0.0, "percent_statements_covered_display": "0"}, "missing_lines": [166, 167, 168, 169, 171, 172, 173, 174, 175, 176, 177, 178], "excluded_lines": [], "start_line": 164}, "name_similarity": {"executed_lines": [], "summary": {"covered_lines": 0, "num_statements": 28, "percent_covered": 0.0, "percent_covered_display": "0", "missing_lines": 28, "excluded_lines": 0, "percent_statements_covered": 0.0, "percent_statements_covered_display": "0"}, "missing_lines": [183, 184, 185, 187, 188, 189, 190, 191, 192, 193, 194, 195, 196, 197, 198, 199, 200, 201, 202, 203, 205, 206, 207, 208, 209, 211, 212, 214], "excluded_lines": [], "start_line": 181}, "": {"executed_lines": [19, 21, 22, 24, 25, 28, 33, 43, 50, 58, 65, 73, 90, 117, 138, 148, 160, 164, 181], "summary": {"covered_lines": 19, "num_statements": 19, "percent_covered": 100.0, "percent_covered_display": "100", "missing_lines": 0, "excluded_lines": 0, "percent_statements_covered": 100.0, "percent_statements_covered_display": "100"}, "missing_lines": [], "excluded_lines": [], "start_line": 1}}, "classes": {"": {"executed_lines": [19, 21, 22, 24, 25, 28, 29, 30, 33, 35, 37, 38, 39, 40, 43, 45, 47, 50, 58, 59, 65, 73, 90, 91, 92, 94, 95, 96, 97, 98, 99, 101, 103, 105, 107, 108, 109, 110, 111, 113, 114, 117, 119, 120, 122, 124, 125, 126, 127, 128, 129, 130, 131, 133, 134, 135, 138, 148, 160, 164, 181], "summary": {"covered_lines": 61, "num_statements": 136, "percent_covered": 44.85294117647059, "percent_covered_display": "45", "missing_lines": 75, "excluded_lines": 0, "percent_statements_covered": 44.85294117647059, "percent_statements_covered_display": "45"}, "missing_lines": [36, 46, 52, 53, 54, 55, 76, 77, 78, 79, 80, 81, 82, 100, 102, 104, 106, 112, 121, 123, 140, 141, 142, 143, 144, 145, 150, 151, 152, 153, 154, 155, 156, 157, 161, 166, 167, 168, 169, 171, 172, 173, 174, 175, 176, 177, 178, 183, 184, 185, 187, 188, 189, 190, 191, 192, 193, 194, 195, 196, 197, 198, 199, 200, 201, 202, 203, 205, 206, 207, 208, 209, 211, 212, 214], "excluded_lines": [], "start_line": 1}}}, "domain\\__init__.py": {"executed_lines": [], "summary": {"covered_lines": 0, "num_statements": 0, "percent_covered": 100.0, "percent_covered_display": "100", "missing_lines": 0, "excluded_lines": 0, "percent_statements_covered": 100.0, "percent_statements_covered_display": "100"}, "missing_lines": [], "excluded_lines": [], "functions": {"": {"executed_lines": [], "summary": {"covered_lines": 0, "num_statements": 0, "percent_covered": 100.0, "percent_covered_display": "100", "missing_lines": 0, "excluded_lines": 0, "percent_statements_covered": 100.0, "percent_statements_covered_display": "100"}, "missing_lines": [], "excluded_lines": [], "start_line": 1}}, "classes": {"": {"executed_lines": [], "summary": {"covered_lines": 0, "num_statements": 0, "percent_covered": 100.0, "percent_covered_display": "100", "missing_lines": 0, "excluded_lines": 0, "percent_statements_covered": 100.0, "percent_statements_covered_display": "100"}, "missing_lines": [], "excluded_lines": [], "start_line": 1}}}, "domain\\models\\__init__.py": {"executed_lines": [], "summary": {"covered_lines": 0, "num_statements": 0, "percent_covered": 100.0, "percent_covered_display": "100", "missing_lines": 0, "excluded_lines": 0, "percent_statements_covered": 100.0, "percent_statements_covered_display": "100"}, "missing_lines": [], "excluded_lines": [], "functions": {"": {"executed_lines": [], "summary": {"covered_lines": 0, "num_statements": 0, "percent_covered": 100.0, "percent_covered_display": "100", "missing_lines": 0, "excluded_lines": 0, "percent_statements_covered": 100.0, "percent_statements_covered_display": "100"}, "missing_lines": [], "excluded_lines": [], "start_line": 1}}, "classes": {"": {"executed_lines": [], "summary": {"covered_lines": 0, "num_statements": 0, "percent_covered": 100.0, "percent_covered_display": "100", "missing_lines": 0, "excluded_lines": 0, "percent_statements_covered": 100.0, "percent_statements_covered_display": "100"}, "missing_lines": [], "excluded_lines": [], "start_line": 1}}}, "domain\\models\\registro_models.py": {"executed_lines": [11, 13, 14, 15, 20, 21, 23, 24, 25, 26, 27, 28, 29, 30, 31, 32, 34, 35, 37, 38, 40, 41, 44, 45, 46, 47, 48, 53, 54, 56, 57, 58, 59, 61, 62, 64, 67, 68, 70, 71, 72, 73, 74, 75, 76, 79, 80, 82, 83, 84, 85, 86, 87, 88, 89, 90, 91, 96, 97, 99, 100, 101, 102, 103, 104, 105, 106, 107, 108, 109, 110, 111, 112, 113, 114, 115, 116, 117, 119, 120, 122, 123, 128, 132, 133, 142, 143, 144, 145, 146, 147, 148, 149, 150, 151, 152, 153, 155, 156, 160, 161, 163, 164, 165, 166, 167, 168, 170, 171, 172, 174, 175, 176, 178, 179, 180, 183, 184, 186, 187, 188, 189, 190, 191, 192, 193, 194, 195, 196], "summary": {"covered_lines": 129, "num_statements": 130, "percent_covered": 99.23076923076923, "percent_covered_display": "99", "missing_lines": 1, "excluded_lines": 0, "percent_statements_covered": 99.23076923076923, "percent_statements_covered_display": "99"}, "missing_lines": [157], "excluded_lines": [], "functions": {"LineaEntrada.fecha_int": {"executed_lines": [40, 41], "summary": {"covered_lines": 2, "num_statements": 2, "percent_covered": 100.0, "percent_covered_display": "100", "missing_lines": 0, "excluded_lines": 0, "percent_statements_covered": 100.0, "percent_statements_covered_display": "100"}, "missing_lines": [], "excluded_lines": [], "start_line": 38}, "HoraRecurso.es_mensual": {"executed_lines": [64], "summary": {"covered_lines": 1, "num_statements": 1, "percent_covered": 100.0, "percent_covered_display": "100", "missing_lines": 0, "excluded_lines": 0, "percent_statements_covered": 100.0, "percent_statements_covered_display": "100"}, "missing_lines": [], "excluded_lines": [], "start_line": 62}, "AccionLinea.clave_conflicto": {"executed_lines": [128], "summary": {"covered_lines": 1, "num_statements": 1, "percent_covered": 100.0, "percent_covered_display": "100", "missing_lines": 0, "excluded_lines": 0, "percent_statements_covered": 100.0, "percent_statements_covered_display": "100"}, "missing_lines": [], "excluded_lines": [], "start_line": 123}, "Conflicto.nueva_can": {"executed_lines": [], "summary": {"covered_lines": 0, "num_statements": 1, "percent_covered": 0.0, "percent_covered_display": "0", "missing_lines": 1, "excluded_lines": 0, "percent_statements_covered": 0.0, "percent_statements_covered_display": "0"}, "missing_lines": [157], "excluded_lines": [], "start_line": 156}, "Preflight.n_escribir": {"executed_lines": [172], "summary": {"covered_lines": 1, "num_statements": 1, "percent_covered": 100.0, "percent_covered_display": "100", "missing_lines": 0, "excluded_lines": 0, "percent_statements_covered": 100.0, "percent_statements_covered_display": "100"}, "missing_lines": [], "excluded_lines": [], "start_line": 171}, "Preflight.n_omitir": {"executed_lines": [176], "summary": {"covered_lines": 1, "num_statements": 1, "percent_covered": 100.0, "percent_covered_display": "100", "missing_lines": 0, "excluded_lines": 0, "percent_statements_covered": 100.0, "percent_statements_covered_display": "100"}, "missing_lines": [], "excluded_lines": [], "start_line": 175}, "Preflight.n_ya": {"executed_lines": [180], "summary": {"covered_lines": 1, "num_statements": 1, "percent_covered": 100.0, "percent_covered_display": "100", "missing_lines": 0, "excluded_lines": 0, "percent_statements_covered": 100.0, "percent_statements_covered_display": "100"}, "missing_lines": [], "excluded_lines": [], "start_line": 179}, "": {"executed_lines": [11, 13, 14, 15, 20, 21, 23, 24, 25, 26, 27, 28, 29, 30, 31, 32, 34, 35, 37, 38, 44, 45, 46, 47, 48, 53, 54, 56, 57, 58, 59, 61, 62, 67, 68, 70, 71, 72, 73, 74, 75, 76, 79, 80, 82, 83, 84, 85, 86, 87, 88, 89, 90, 91, 96, 97, 99, 100, 101, 102, 103, 104, 105, 106, 107, 108, 109, 110, 111, 112, 113, 114, 115, 116, 117, 119, 120, 122, 123, 132, 133, 142, 143, 144, 145, 146, 147, 148, 149, 150, 151, 152, 153, 155, 156, 160, 161, 163, 164, 165, 166, 167, 168, 170, 171, 174, 175, 178, 179, 183, 184, 186, 187, 188, 189, 190, 191, 192, 193, 194, 195, 196], "summary": {"covered_lines": 122, "num_statements": 122, "percent_covered": 100.0, "percent_covered_display": "100", "missing_lines": 0, "excluded_lines": 0, "percent_statements_covered": 100.0, "percent_statements_covered_display": "100"}, "missing_lines": [], "excluded_lines": [], "start_line": 1}}, "classes": {"LineaEntrada": {"executed_lines": [40, 41], "summary": {"covered_lines": 2, "num_statements": 2, "percent_covered": 100.0, "percent_covered_display": "100", "missing_lines": 0, "excluded_lines": 0, "percent_statements_covered": 100.0, "percent_statements_covered_display": "100"}, "missing_lines": [], "excluded_lines": [], "start_line": 21}, "ObraEntrada": {"executed_lines": [], "summary": {"covered_lines": 0, "num_statements": 0, "percent_covered": 100.0, "percent_covered_display": "100", "missing_lines": 0, "excluded_lines": 0, "percent_statements_covered": 100.0, "percent_statements_covered_display": "100"}, "missing_lines": [], "excluded_lines": [], "start_line": 45}, "HoraRecurso": {"executed_lines": [64], "summary": {"covered_lines": 1, "num_statements": 1, "percent_covered": 100.0, "percent_covered_display": "100", "missing_lines": 0, "excluded_lines": 0, "percent_statements_covered": 100.0, "percent_statements_covered_display": "100"}, "missing_lines": [], "excluded_lines": [], "start_line": 54}, "ParteDestino": {"executed_lines": [], "summary": {"covered_lines": 0, "num_statements": 0, "percent_covered": 100.0, "percent_covered_display": "100", "missing_lines": 0, "excluded_lines": 0, "percent_statements_covered": 100.0, "percent_statements_covered_display": "100"}, "missing_lines": [], "excluded_lines": [], "start_line": 68}, "LineaSigrid": {"executed_lines": [], "summary": {"covered_lines": 0, "num_statements": 0, "percent_covered": 100.0, "percent_covered_display": "100", "missing_lines": 0, "excluded_lines": 0, "percent_statements_covered": 100.0, "percent_statements_covered_display": "100"}, "missing_lines": [], "excluded_lines": [], "start_line": 80}, "AccionLinea": {"executed_lines": [128], "summary": {"covered_lines": 1, "num_statements": 1, "percent_covered": 100.0, "percent_covered_display": "100", "missing_lines": 0, "excluded_lines": 0, "percent_statements_covered": 100.0, "percent_statements_covered_display": "100"}, "missing_lines": [], "excluded_lines": [], "start_line": 97}, "Conflicto": {"executed_lines": [], "summary": {"covered_lines": 0, "num_statements": 1, "percent_covered": 0.0, "percent_covered_display": "0", "missing_lines": 1, "excluded_lines": 0, "percent_statements_covered": 0.0, "percent_statements_covered_display": "0"}, "missing_lines": [157], "excluded_lines": [], "start_line": 133}, "Preflight": {"executed_lines": [172, 176, 180], "summary": {"covered_lines": 3, "num_statements": 3, "percent_covered": 100.0, "percent_covered_display": "100", "missing_lines": 0, "excluded_lines": 0, "percent_statements_covered": 100.0, "percent_statements_covered_display": "100"}, "missing_lines": [], "excluded_lines": [], "start_line": 161}, "ResultadoRegistro": {"executed_lines": [], "summary": {"covered_lines": 0, "num_statements": 0, "percent_covered": 100.0, "percent_covered_display": "100", "missing_lines": 0, "excluded_lines": 0, "percent_statements_covered": 100.0, "percent_statements_covered_display": "100"}, "missing_lines": [], "excluded_lines": [], "start_line": 184}, "": {"executed_lines": [11, 13, 14, 15, 20, 21, 23, 24, 25, 26, 27, 28, 29, 30, 31, 32, 34, 35, 37, 38, 44, 45, 46, 47, 48, 53, 54, 56, 57, 58, 59, 61, 62, 67, 68, 70, 71, 72, 73, 74, 75, 76, 79, 80, 82, 83, 84, 85, 86, 87, 88, 89, 90, 91, 96, 97, 99, 100, 101, 102, 103, 104, 105, 106, 107, 108, 109, 110, 111, 112, 113, 114, 115, 116, 117, 119, 120, 122, 123, 132, 133, 142, 143, 144, 145, 146, 147, 148, 149, 150, 151, 152, 153, 155, 156, 160, 161, 163, 164, 165, 166, 167, 168, 170, 171, 174, 175, 178, 179, 183, 184, 186, 187, 188, 189, 190, 191, 192, 193, 194, 195, 196], "summary": {"covered_lines": 122, "num_statements": 122, "percent_covered": 100.0, "percent_covered_display": "100", "missing_lines": 0, "excluded_lines": 0, "percent_statements_covered": 100.0, "percent_statements_covered_display": "100"}, "missing_lines": [], "excluded_lines": [], "start_line": 1}}}, "infrastructure\\__init__.py": {"executed_lines": [], "summary": {"covered_lines": 0, "num_statements": 0, "percent_covered": 100.0, "percent_covered_display": "100", "missing_lines": 0, "excluded_lines": 0, "percent_statements_covered": 100.0, "percent_statements_covered_display": "100"}, "missing_lines": [], "excluded_lines": [], "functions": {"": {"executed_lines": [], "summary": {"covered_lines": 0, "num_statements": 0, "percent_covered": 100.0, "percent_covered_display": "100", "missing_lines": 0, "excluded_lines": 0, "percent_statements_covered": 100.0, "percent_statements_covered_display": "100"}, "missing_lines": [], "excluded_lines": [], "start_line": 1}}, "classes": {"": {"executed_lines": [], "summary": {"covered_lines": 0, "num_statements": 0, "percent_covered": 100.0, "percent_covered_display": "100", "missing_lines": 0, "excluded_lines": 0, "percent_statements_covered": 100.0, "percent_statements_covered_display": "100"}, "missing_lines": [], "excluded_lines": [], "start_line": 1}}}, "infrastructure\\sigrid\\__init__.py": {"executed_lines": [], "summary": {"covered_lines": 0, "num_statements": 0, "percent_covered": 100.0, "percent_covered_display": "100", "missing_lines": 0, "excluded_lines": 0, "percent_statements_covered": 100.0, "percent_statements_covered_display": "100"}, "missing_lines": [], "excluded_lines": [], "functions": {"": {"executed_lines": [], "summary": {"covered_lines": 0, "num_statements": 0, "percent_covered": 100.0, "percent_covered_display": "100", "missing_lines": 0, "excluded_lines": 0, "percent_statements_covered": 100.0, "percent_statements_covered_display": "100"}, "missing_lines": [], "excluded_lines": [], "start_line": 1}}, "classes": {"": {"executed_lines": [], "summary": {"covered_lines": 0, "num_statements": 0, "percent_covered": 100.0, "percent_covered_display": "100", "missing_lines": 0, "excluded_lines": 0, "percent_statements_covered": 100.0, "percent_statements_covered_display": "100"}, "missing_lines": [], "excluded_lines": [], "start_line": 1}}}, "infrastructure\\sigrid\\sigrid_write_client.py": {"executed_lines": [17, 19, 20, 21, 23, 25, 29, 31, 34, 35, 38, 39, 63, 79, 105, 112, 119, 120, 128, 138, 154, 174, 195, 207, 212, 245, 277, 297, 319, 320, 326], "summary": {"covered_lines": 31, "num_statements": 139, "percent_covered": 22.302158273381295, "percent_covered_display": "22", "missing_lines": 108, "excluded_lines": 0, "percent_statements_covered": 22.302158273381295, "percent_statements_covered_display": "22"}, "missing_lines": [51, 52, 54, 55, 56, 57, 58, 59, 64, 70, 71, 73, 74, 75, 76, 77, 82, 83, 84, 85, 86, 89, 93, 94, 96, 97, 98, 100, 101, 106, 110, 113, 117, 121, 122, 123, 124, 125, 126, 132, 142, 143, 144, 145, 146, 149, 150, 151, 152, 157, 158, 159, 160, 161, 167, 168, 169, 172, 178, 179, 180, 187, 188, 192, 193, 196, 197, 200, 201, 202, 203, 204, 205, 208, 210, 220, 221, 222, 223, 224, 232, 233, 234, 235, 243, 248, 249, 250, 251, 252, 253, 254, 255, 263, 264, 265, 271, 272, 273, 281, 282, 283, 284, 306, 307, 321, 328, 336], "excluded_lines": [], "functions": {"synckey_de": {"executed_lines": [35], "summary": {"covered_lines": 1, "num_statements": 1, "percent_covered": 100.0, "percent_covered_display": "100", "missing_lines": 0, "excluded_lines": 0, "percent_statements_covered": 100.0, "percent_statements_covered_display": "100"}, "missing_lines": [], "excluded_lines": [], "start_line": 34}, "SigridWriteClient.__init__": {"executed_lines": [], "summary": {"covered_lines": 0, "num_statements": 8, "percent_covered": 0.0, "percent_covered_display": "0", "missing_lines": 8, "excluded_lines": 0, "percent_statements_covered": 0.0, "percent_statements_covered_display": "0"}, "missing_lines": [51, 52, 54, 55, 56, 57, 58, 59], "excluded_lines": [], "start_line": 39}, "SigridWriteClient._read": {"executed_lines": [], "summary": {"covered_lines": 0, "num_statements": 8, "percent_covered": 0.0, "percent_covered_display": "0", "missing_lines": 8, "excluded_lines": 0, "percent_statements_covered": 0.0, "percent_statements_covered_display": "0"}, "missing_lines": [64, 70, 71, 73, 74, 75, 76, 77], "excluded_lines": [], "start_line": 63}, "SigridWriteClient.escribir": {"executed_lines": [], "summary": {"covered_lines": 0, "num_statements": 13, "percent_covered": 0.0, "percent_covered_display": "0", "missing_lines": 13, "excluded_lines": 0, "percent_statements_covered": 0.0, "percent_statements_covered_display": "0"}, "missing_lines": [82, 83, 84, 85, 86, 89, 93, 94, 96, 97, 98, 100, 101], "excluded_lines": [], "start_line": 79}, "SigridWriteClient.obra_por_codigo": {"executed_lines": [], "summary": {"covered_lines": 0, "num_statements": 2, "percent_covered": 0.0, "percent_covered_display": "0", "missing_lines": 2, "excluded_lines": 0, "percent_statements_covered": 0.0, "percent_statements_covered_display": "0"}, "missing_lines": [106, 110], "excluded_lines": [], "start_line": 105}, "SigridWriteClient.obra_por_ide": {"executed_lines": [], "summary": {"covered_lines": 0, "num_statements": 2, "percent_covered": 0.0, "percent_covered_display": "0", "missing_lines": 2, "excluded_lines": 0, "percent_statements_covered": 0.0, "percent_statements_covered_display": "0"}, "missing_lines": [113, 117], "excluded_lines": [], "start_line": 112}, "SigridWriteClient._obra": {"executed_lines": [], "summary": {"covered_lines": 0, "num_statements": 6, "percent_covered": 0.0, "percent_covered_display": "0", "missing_lines": 6, "excluded_lines": 0, "percent_statements_covered": 0.0, "percent_statements_covered_display": "0"}, "missing_lines": [121, 122, 123, 124, 125, 126], "excluded_lines": [], "start_line": 120}, "SigridWriteClient.capitulos_de_obra": {"executed_lines": [], "summary": {"covered_lines": 0, "num_statements": 1, "percent_covered": 0.0, "percent_covered_display": "0", "missing_lines": 1, "excluded_lines": 0, "percent_statements_covered": 0.0, "percent_statements_covered_display": "0"}, "missing_lines": [132], "excluded_lines": [], "start_line": 128}, "SigridWriteClient.recursos_de_empleados": {"executed_lines": [], "summary": {"covered_lines": 0, "num_statements": 9, "percent_covered": 0.0, "percent_covered_display": "0", "missing_lines": 9, "excluded_lines": 0, "percent_statements_covered": 0.0, "percent_statements_covered_display": "0"}, "missing_lines": [142, 143, 144, 145, 146, 149, 150, 151, 152], "excluded_lines": [], "start_line": 138}, "SigridWriteClient.horas_de_recursos": {"executed_lines": [], "summary": {"covered_lines": 0, "num_statements": 9, "percent_covered": 0.0, "percent_covered_display": "0", "missing_lines": 9, "excluded_lines": 0, "percent_statements_covered": 0.0, "percent_statements_covered_display": "0"}, "missing_lines": [157, 158, 159, 160, 161, 167, 168, 169, 172], "excluded_lines": [], "start_line": 154}, "SigridWriteClient.partes_existentes": {"executed_lines": [], "summary": {"covered_lines": 0, "num_statements": 7, "percent_covered": 0.0, "percent_covered_display": "0", "missing_lines": 7, "excluded_lines": 0, "percent_statements_covered": 0.0, "percent_statements_covered_display": "0"}, "missing_lines": [178, 179, 180, 187, 188, 192, 193], "excluded_lines": [], "start_line": 174}, "SigridWriteClient.siguiente_cod_pt": {"executed_lines": [], "summary": {"covered_lines": 0, "num_statements": 8, "percent_covered": 0.0, "percent_covered_display": "0", "missing_lines": 8, "excluded_lines": 0, "percent_statements_covered": 0.0, "percent_statements_covered_display": "0"}, "missing_lines": [196, 197, 200, 201, 202, 203, 204, 205], "excluded_lines": [], "start_line": 195}, "SigridWriteClient.max_pos": {"executed_lines": [], "summary": {"covered_lines": 0, "num_statements": 2, "percent_covered": 0.0, "percent_covered_display": "0", "missing_lines": 2, "excluded_lines": 0, "percent_statements_covered": 0.0, "percent_statements_covered_display": "0"}, "missing_lines": [208, 210], "excluded_lines": [], "start_line": 207}, "SigridWriteClient.lineas_del_parte": {"executed_lines": [], "summary": {"covered_lines": 0, "num_statements": 10, "percent_covered": 0.0, "percent_covered_display": "0", "missing_lines": 10, "excluded_lines": 0, "percent_statements_covered": 0.0, "percent_statements_covered_display": "0"}, "missing_lines": [220, 221, 222, 223, 224, 232, 233, 234, 235, 243], "excluded_lines": [], "start_line": 212}, "SigridWriteClient.lineas_por_synckey": {"executed_lines": [], "summary": {"covered_lines": 0, "num_statements": 14, "percent_covered": 0.0, "percent_covered_display": "0", "missing_lines": 14, "excluded_lines": 0, "percent_statements_covered": 0.0, "percent_statements_covered_display": "0"}, "missing_lines": [248, 249, 250, 251, 252, 253, 254, 255, 263, 264, 265, 271, 272, 273], "excluded_lines": [], "start_line": 245}, "SigridWriteClient.stmts_crear_parte": {"executed_lines": [], "summary": {"covered_lines": 0, "num_statements": 4, "percent_covered": 0.0, "percent_covered_display": "0", "missing_lines": 4, "excluded_lines": 0, "percent_statements_covered": 0.0, "percent_statements_covered_display": "0"}, "missing_lines": [281, 282, 283, 284], "excluded_lines": [], "start_line": 277}, "SigridWriteClient.stmt_insert_linea": {"executed_lines": [], "summary": {"covered_lines": 0, "num_statements": 2, "percent_covered": 0.0, "percent_covered_display": "0", "missing_lines": 2, "excluded_lines": 0, "percent_statements_covered": 0.0, "percent_statements_covered_display": "0"}, "missing_lines": [306, 307], "excluded_lines": [], "start_line": 297}, "SigridWriteClient.stmt_borrar_linea": {"executed_lines": [], "summary": {"covered_lines": 0, "num_statements": 1, "percent_covered": 0.0, "percent_covered_display": "0", "missing_lines": 1, "excluded_lines": 0, "percent_statements_covered": 0.0, "percent_statements_covered_display": "0"}, "missing_lines": [321], "excluded_lines": [], "start_line": 320}, "SigridWriteClient.inspeccionar_mensuales": {"executed_lines": [], "summary": {"covered_lines": 0, "num_statements": 2, "percent_covered": 0.0, "percent_covered_display": "0", "missing_lines": 2, "excluded_lines": 0, "percent_statements_covered": 0.0, "percent_statements_covered_display": "0"}, "missing_lines": [328, 336], "excluded_lines": [], "start_line": 326}, "": {"executed_lines": [17, 19, 20, 21, 23, 25, 29, 31, 34, 38, 39, 63, 79, 105, 112, 119, 120, 128, 138, 154, 174, 195, 207, 212, 245, 277, 297, 319, 320, 326], "summary": {"covered_lines": 30, "num_statements": 30, "percent_covered": 100.0, "percent_covered_display": "100", "missing_lines": 0, "excluded_lines": 0, "percent_statements_covered": 100.0, "percent_statements_covered_display": "100"}, "missing_lines": [], "excluded_lines": [], "start_line": 1}}, "classes": {"SigridWriteClient": {"executed_lines": [], "summary": {"covered_lines": 0, "num_statements": 108, "percent_covered": 0.0, "percent_covered_display": "0", "missing_lines": 108, "excluded_lines": 0, "percent_statements_covered": 0.0, "percent_statements_covered_display": "0"}, "missing_lines": [51, 52, 54, 55, 56, 57, 58, 59, 64, 70, 71, 73, 74, 75, 76, 77, 82, 83, 84, 85, 86, 89, 93, 94, 96, 97, 98, 100, 101, 106, 110, 113, 117, 121, 122, 123, 124, 125, 126, 132, 142, 143, 144, 145, 146, 149, 150, 151, 152, 157, 158, 159, 160, 161, 167, 168, 169, 172, 178, 179, 180, 187, 188, 192, 193, 196, 197, 200, 201, 202, 203, 204, 205, 208, 210, 220, 221, 222, 223, 224, 232, 233, 234, 235, 243, 248, 249, 250, 251, 252, 253, 254, 255, 263, 264, 265, 271, 272, 273, 281, 282, 283, 284, 306, 307, 321, 328, 336], "excluded_lines": [], "start_line": 38}, "": {"executed_lines": [17, 19, 20, 21, 23, 25, 29, 31, 34, 35, 38, 39, 63, 79, 105, 112, 119, 120, 128, 138, 154, 174, 195, 207, 212, 245, 277, 297, 319, 320, 326], "summary": {"covered_lines": 31, "num_statements": 31, "percent_covered": 100.0, "percent_covered_display": "100", "missing_lines": 0, "excluded_lines": 0, "percent_statements_covered": 100.0, "percent_statements_covered_display": "100"}, "missing_lines": [], "excluded_lines": [], "start_line": 1}}}, "tests\\__init__.py": {"executed_lines": [], "summary": {"covered_lines": 0, "num_statements": 0, "percent_covered": 100.0, "percent_covered_display": "100", "missing_lines": 0, "excluded_lines": 0, "percent_statements_covered": 100.0, "percent_statements_covered_display": "100"}, "missing_lines": [], "excluded_lines": [], "functions": {"": {"executed_lines": [], "summary": {"covered_lines": 0, "num_statements": 0, "percent_covered": 100.0, "percent_covered_display": "100", "missing_lines": 0, "excluded_lines": 0, "percent_statements_covered": 100.0, "percent_statements_covered_display": "100"}, "missing_lines": [], "excluded_lines": [], "start_line": 1}}, "classes": {"": {"executed_lines": [], "summary": {"covered_lines": 0, "num_statements": 0, "percent_covered": 100.0, "percent_covered_display": "100", "missing_lines": 0, "excluded_lines": 0, "percent_statements_covered": 100.0, "percent_statements_covered_display": "100"}, "missing_lines": [], "excluded_lines": [], "start_line": 1}}}, "tests\\test_pipeline_offline.py": {"executed_lines": [3, 5, 6, 8, 10, 11, 14, 17, 18, 19, 20, 21, 22, 23, 26, 27, 28, 29, 30, 32, 35, 46, 48, 49, 62, 63, 70, 73, 76, 77, 79, 80, 81, 82, 83, 84, 85, 88, 89, 90, 91, 92, 95, 98, 99, 102, 103, 105, 106, 108, 111, 112, 114, 115, 117, 118, 120, 123, 124, 126, 127, 128, 130, 131, 132, 135, 136, 150, 151, 152, 153, 155, 157, 158, 159, 160, 162, 163, 164, 165, 166, 168, 170, 172, 174, 175, 176, 177, 178, 179, 182, 183, 184, 186, 190, 191, 192, 194, 197, 198, 199, 200, 201, 202, 203, 204, 205, 206, 207, 210, 211, 212, 213, 216, 217, 218, 220, 221, 222, 225, 226, 227, 228, 229, 232, 233, 234, 235, 236, 239], "summary": {"covered_lines": 130, "num_statements": 140, "percent_covered": 92.85714285714286, "percent_covered_display": "93", "missing_lines": 10, "excluded_lines": 0, "percent_statements_covered": 92.85714285714286, "percent_statements_covered_display": "93"}, "missing_lines": [86, 93, 96, 109, 121, 240, 241, 242, 243, 244], "excluded_lines": [], "functions": {"ClienteFalso.__init__": {"executed_lines": [28, 29, 30, 32, 35, 46, 48, 49, 62, 63, 70, 73, 76, 77], "summary": {"covered_lines": 14, "num_statements": 14, "percent_covered": 100.0, "percent_covered_display": "100", "missing_lines": 0, "excluded_lines": 0, "percent_statements_covered": 100.0, "percent_statements_covered_display": "100"}, "missing_lines": [], "excluded_lines": [], "start_line": 27}, "ClienteFalso.obra_por_codigo": {"executed_lines": [80, 81, 82, 83, 84, 85], "summary": {"covered_lines": 6, "num_statements": 7, "percent_covered": 85.71428571428571, "percent_covered_display": "86", "missing_lines": 1, "excluded_lines": 0, "percent_statements_covered": 85.71428571428571, "percent_statements_covered_display": "86"}, "missing_lines": [86], "excluded_lines": [], "start_line": 79}, "ClienteFalso.capitulos_de_obra": {"executed_lines": [89, 90, 91, 92], "summary": {"covered_lines": 4, "num_statements": 5, "percent_covered": 80.0, "percent_covered_display": "80", "missing_lines": 1, "excluded_lines": 0, "percent_statements_covered": 80.0, "percent_statements_covered_display": "80"}, "missing_lines": [93], "excluded_lines": [], "start_line": 88}, "ClienteFalso.obra_por_ide": {"executed_lines": [], "summary": {"covered_lines": 0, "num_statements": 1, "percent_covered": 0.0, "percent_covered_display": "0", "missing_lines": 1, "excluded_lines": 0, "percent_statements_covered": 0.0, "percent_statements_covered_display": "0"}, "missing_lines": [96], "excluded_lines": [], "start_line": 95}, "ClienteFalso.recursos_de_empleados": {"executed_lines": [99], "summary": {"covered_lines": 1, "num_statements": 1, "percent_covered": 100.0, "percent_covered_display": "100", "missing_lines": 0, "excluded_lines": 0, "percent_statements_covered": 100.0, "percent_statements_covered_display": "100"}, "missing_lines": [], "excluded_lines": [], "start_line": 98}, "ClienteFalso.horas_de_recursos": {"executed_lines": [103], "summary": {"covered_lines": 1, "num_statements": 1, "percent_covered": 100.0, "percent_covered_display": "100", "missing_lines": 0, "excluded_lines": 0, "percent_statements_covered": 100.0, "percent_statements_covered_display": "100"}, "missing_lines": [], "excluded_lines": [], "start_line": 102}, "ClienteFalso.partes_existentes": {"executed_lines": [106], "summary": {"covered_lines": 1, "num_statements": 1, "percent_covered": 100.0, "percent_covered_display": "100", "missing_lines": 0, "excluded_lines": 0, "percent_statements_covered": 100.0, "percent_statements_covered_display": "100"}, "missing_lines": [], "excluded_lines": [], "start_line": 105}, "ClienteFalso.siguiente_cod_pt": {"executed_lines": [], "summary": {"covered_lines": 0, "num_statements": 1, "percent_covered": 0.0, "percent_covered_display": "0", "missing_lines": 1, "excluded_lines": 0, "percent_statements_covered": 0.0, "percent_statements_covered_display": "0"}, "missing_lines": [109], "excluded_lines": [], "start_line": 108}, "ClienteFalso.max_pos": {"executed_lines": [112], "summary": {"covered_lines": 1, "num_statements": 1, "percent_covered": 100.0, "percent_covered_display": "100", "missing_lines": 0, "excluded_lines": 0, "percent_statements_covered": 100.0, "percent_statements_covered_display": "100"}, "missing_lines": [], "excluded_lines": [], "start_line": 111}, "ClienteFalso.lineas_del_parte": {"executed_lines": [115], "summary": {"covered_lines": 1, "num_statements": 1, "percent_covered": 100.0, "percent_covered_display": "100", "missing_lines": 0, "excluded_lines": 0, "percent_statements_covered": 100.0, "percent_statements_covered_display": "100"}, "missing_lines": [], "excluded_lines": [], "start_line": 114}, "ClienteFalso.lineas_por_synckey": {"executed_lines": [118], "summary": {"covered_lines": 1, "num_statements": 1, "percent_covered": 100.0, "percent_covered_display": "100", "missing_lines": 0, "excluded_lines": 0, "percent_statements_covered": 100.0, "percent_statements_covered_display": "100"}, "missing_lines": [], "excluded_lines": [], "start_line": 117}, "ClienteFalso.stmts_crear_parte": {"executed_lines": [], "summary": {"covered_lines": 0, "num_statements": 1, "percent_covered": 0.0, "percent_covered_display": "0", "missing_lines": 1, "excluded_lines": 0, "percent_statements_covered": 0.0, "percent_statements_covered_display": "0"}, "missing_lines": [121], "excluded_lines": [], "start_line": 120}, "ClienteFalso.stmt_insert_linea": {"executed_lines": [124], "summary": {"covered_lines": 1, "num_statements": 1, "percent_covered": 100.0, "percent_covered_display": "100", "missing_lines": 0, "excluded_lines": 0, "percent_statements_covered": 100.0, "percent_statements_covered_display": "100"}, "missing_lines": [], "excluded_lines": [], "start_line": 123}, "ClienteFalso.stmt_borrar_linea": {"executed_lines": [128], "summary": {"covered_lines": 1, "num_statements": 1, "percent_covered": 100.0, "percent_covered_display": "100", "missing_lines": 0, "excluded_lines": 0, "percent_statements_covered": 100.0, "percent_statements_covered_display": "100"}, "missing_lines": [], "excluded_lines": [], "start_line": 127}, "ClienteFalso.escribir": {"executed_lines": [131, 132], "summary": {"covered_lines": 2, "num_statements": 2, "percent_covered": 100.0, "percent_covered_display": "100", "missing_lines": 0, "excluded_lines": 0, "percent_statements_covered": 100.0, "percent_statements_covered_display": "100"}, "missing_lines": [], "excluded_lines": [], "start_line": 130}, "lineas_entrada": {"executed_lines": [136], "summary": {"covered_lines": 1, "num_statements": 1, "percent_covered": 100.0, "percent_covered_display": "100", "missing_lines": 0, "excluded_lines": 0, "percent_statements_covered": 100.0, "percent_statements_covered_display": "100"}, "missing_lines": [], "excluded_lines": [], "start_line": 135}, "test_preflight": {"executed_lines": [151, 152, 153, 155, 157, 158, 159, 160, 162, 163, 164, 165, 166, 168, 170, 172, 174, 175, 176, 177, 178, 179], "summary": {"covered_lines": 22, "num_statements": 22, "percent_covered": 100.0, "percent_covered_display": "100", "missing_lines": 0, "excluded_lines": 0, "percent_statements_covered": 100.0, "percent_statements_covered_display": "100"}, "missing_lines": [], "excluded_lines": [], "start_line": 150}, "test_ejecutar_pisando": {"executed_lines": [183, 184, 186, 190, 191, 192, 194, 197, 198, 199, 200, 201, 202, 203, 204, 205, 206, 207], "summary": {"covered_lines": 18, "num_statements": 18, "percent_covered": 100.0, "percent_covered_display": "100", "missing_lines": 0, "excluded_lines": 0, "percent_statements_covered": 100.0, "percent_statements_covered_display": "100"}, "missing_lines": [], "excluded_lines": [], "start_line": 182}, "test_idempotencia": {"executed_lines": [211, 212, 213, 216, 217, 218, 220, 221, 222], "summary": {"covered_lines": 9, "num_statements": 9, "percent_covered": 100.0, "percent_covered_display": "100", "missing_lines": 0, "excluded_lines": 0, "percent_statements_covered": 100.0, "percent_statements_covered_display": "100"}, "missing_lines": [], "excluded_lines": [], "start_line": 210}, "test_override_manual": {"executed_lines": [226, 227, 228, 229, 232, 233, 234, 235, 236], "summary": {"covered_lines": 9, "num_statements": 9, "percent_covered": 100.0, "percent_covered_display": "100", "missing_lines": 0, "excluded_lines": 0, "percent_statements_covered": 100.0, "percent_statements_covered_display": "100"}, "missing_lines": [], "excluded_lines": [], "start_line": 225}, "": {"executed_lines": [3, 5, 6, 8, 10, 11, 14, 17, 18, 19, 20, 21, 22, 23, 26, 27, 79, 88, 95, 98, 102, 105, 108, 111, 114, 117, 120, 123, 126, 127, 130, 135, 150, 182, 210, 225, 239], "summary": {"covered_lines": 37, "num_statements": 42, "percent_covered": 88.0952380952381, "percent_covered_display": "88", "missing_lines": 5, "excluded_lines": 0, "percent_statements_covered": 88.0952380952381, "percent_statements_covered_display": "88"}, "missing_lines": [240, 241, 242, 243, 244], "excluded_lines": [], "start_line": 1}}, "classes": {"Settings": {"executed_lines": [], "summary": {"covered_lines": 0, "num_statements": 0, "percent_covered": 100.0, "percent_covered_display": "100", "missing_lines": 0, "excluded_lines": 0, "percent_statements_covered": 100.0, "percent_statements_covered_display": "100"}, "missing_lines": [], "excluded_lines": [], "start_line": 17}, "ClienteFalso": {"executed_lines": [28, 29, 30, 32, 35, 46, 48, 49, 62, 63, 70, 73, 76, 77, 80, 81, 82, 83, 84, 85, 89, 90, 91, 92, 99, 103, 106, 112, 115, 118, 124, 128, 131, 132], "summary": {"covered_lines": 34, "num_statements": 39, "percent_covered": 87.17948717948718, "percent_covered_display": "87", "missing_lines": 5, "excluded_lines": 0, "percent_statements_covered": 87.17948717948718, "percent_statements_covered_display": "87"}, "missing_lines": [86, 93, 96, 109, 121], "excluded_lines": [], "start_line": 26}, "": {"executed_lines": [3, 5, 6, 8, 10, 11, 14, 17, 18, 19, 20, 21, 22, 23, 26, 27, 79, 88, 95, 98, 102, 105, 108, 111, 114, 117, 120, 123, 126, 127, 130, 135, 136, 150, 151, 152, 153, 155, 157, 158, 159, 160, 162, 163, 164, 165, 166, 168, 170, 172, 174, 175, 176, 177, 178, 179, 182, 183, 184, 186, 190, 191, 192, 194, 197, 198, 199, 200, 201, 202, 203, 204, 205, 206, 207, 210, 211, 212, 213, 216, 217, 218, 220, 221, 222, 225, 226, 227, 228, 229, 232, 233, 234, 235, 236, 239], "summary": {"covered_lines": 96, "num_statements": 101, "percent_covered": 95.04950495049505, "percent_covered_display": "95", "missing_lines": 5, "excluded_lines": 0, "percent_statements_covered": 95.04950495049505, "percent_statements_covered_display": "95"}, "missing_lines": [240, 241, 242, 243, 244], "excluded_lines": [], "start_line": 1}}}}, "totals": {"covered_lines": 766, "num_statements": 1033, "percent_covered": 74.15295256534365, "percent_covered_display": "74", "missing_lines": 267, "excluded_lines": 0, "percent_statements_covered": 74.15295256534365, "percent_statements_covered_display": "74"}}